#
# There is insufficient memory for the Java Runtime Environment to continue.
# Native memory allocation (malloc) failed to allocate 1048576 bytes. Error detail: AllocateHeap
# Possible reasons:
#   The system is out of physical RAM or swap space
#   This process is running with CompressedOops enabled, and the Java Heap may be blocking the growth of the native heap
# Possible solutions:
#   Reduce memory load on the system
#   Increase physical memory or swap space
#   Check if swap backing store is full
#   Decrease Java heap size (-Xmx/-Xms)
#   Decrease number of Java threads
#   Decrease Java thread stack sizes (-Xss)
#   Set larger code cache with -XX:ReservedCodeCacheSize=
#   JVM is running with Unscaled Compressed Oops mode in which the Java heap is
#     placed in the first 4GB address space. The Java Heap base address is the
#     maximum limit for the native heap growth. Please use -XX:HeapBaseMinAddress
#     to set the Java Heap base and to place the Java Heap above 4GB virtual address.
# This output file may be truncated or incomplete.
#
#  Out of Memory Error (allocation.cpp:44), pid=14948, tid=4056
#
# JRE version: OpenJDK Runtime Environment Temurin-21.0.10+7 (21.0.10+7) (build 21.0.10+7-LTS)
# Java VM: OpenJDK 64-Bit Server VM Temurin-21.0.10+7 (21.0.10+7-LTS, mixed mode, sharing, tiered, compressed oops, compressed class ptrs, parallel gc, windows-amd64)
# No core dump will be written. Minidumps are not enabled by default on client versions of Windows
#

---------------  S U M M A R Y ------------

Command Line: --add-modules=ALL-SYSTEM --add-opens=java.base/java.util=ALL-UNNAMED --add-opens=java.base/java.lang=ALL-UNNAMED --add-opens=java.base/sun.nio.fs=ALL-UNNAMED -Declipse.application=org.eclipse.jdt.ls.core.id1 -Dosgi.bundles.defaultStartLevel=4 -Declipse.product=org.eclipse.jdt.ls.core.product -Djava.import.generatesMetadataFilesAtProjectRoot=false -DDetectVMInstallationsJob.disabled=true -Dfile.encoding=utf8 -XX:+UseParallelGC -XX:GCTimeRatio=4 -XX:AdaptiveSizePolicyWeight=90 -Dsun.zip.disableMemoryMapping=true -Xmx2G -Xms100m -Xlog:disable -javaagent:c:\Users\bosev\.vscode\extensions\redhat.java-1.54.0-win32-x64\lombok\lombok-1.18.39-4050.jar -XX:+HeapDumpOnOutOfMemoryError -XX:HeapDumpPath=c:\Users\bosev\AppData\Roaming\Code\User\workspaceStorage\ea26cfe8232955ef6dd0045945a9475c\redhat.java -Daether.dependencyCollector.impl=bf c:\Users\bosev\.vscode\extensions\redhat.java-1.54.0-win32-x64\server\plugins\org.eclipse.equinox.launcher_1.7.100.v20251111-0406.jar -configuration c:\Users\bosev\AppData\Roaming\Code\User\globalStorage\redhat.java\1.54.0\config_win -data c:\Users\bosev\AppData\Roaming\Code\User\workspaceStorage\ea26cfe8232955ef6dd0045945a9475c\redhat.java\jdt_ws --pipe=\\.\pipe\lsp-2339523b9c1cf9c6feec127b2c524085-sock

Host: 11th Gen Intel(R) Core(TM) i3-1115G4 @ 3.00GHz, 4 cores, 7G,  Windows 11 , 64 bit Build 26100 (10.0.26100.5074)
Time: Sun Apr 19 20:51:12 2026 India Standard Time elapsed time: 9512.560822 seconds (0d 2h 38m 32s)

---------------  T H R E A D  ---------------

Current thread (0x00000254b3609790):  JavaThread "Attach Listener" daemon [_thread_in_vm, id=4056, stack(0x000000ef65100000,0x000000ef65200000) (1024K)]

Stack: [0x000000ef65100000,0x000000ef65200000]
Native frames: (J=compiled Java code, j=interpreted, Vv=VM code, C=native code)
V  [jvm.dll+0x6d7a39]
V  [jvm.dll+0x8b4b26]
V  [jvm.dll+0x8b70de]
V  [jvm.dll+0x8b77c3]
V  [jvm.dll+0x284346]
V  [jvm.dll+0xc1277]
V  [jvm.dll+0x6d82e9]
V  [jvm.dll+0x1334a6]
V  [jvm.dll+0x3f857e]
V  [jvm.dll+0x85f59d]
V  [jvm.dll+0x6d626d]
C  [ucrtbase.dll+0x37b0]
C  [KERNEL32.DLL+0x2e8d7]
C  [ntdll.dll+0x8d9c]


---------------  P R O C E S S  ---------------

Threads class SMR info:
_java_thread_list=0x0000025513727380, length=30, elements={
0x00000254b1255280, 0x00000254b37acb50, 0x00000254b37ae880, 0x00000254b3608c40,
0x00000254b3609790, 0x00000254b360b480, 0x00000254b360bee0, 0x00000254b360cd20,
0x00000254b3688c30, 0x00000255101ba370, 0x00000255102f8520, 0x0000025510bc6270,
0x00000255103fe0c0, 0x0000025510de3310, 0x0000025510de3980, 0x000002551126f670,
0x000002551106b960, 0x0000025510916e60, 0x0000025510429d90, 0x0000025510429700,
0x000002551042c4f0, 0x000002551042b7d0, 0x000002551042be60, 0x0000025513e0af00,
0x0000025513e0dcf0, 0x0000025513e0b590, 0x0000025513e0c940, 0x0000025513e0bc20,
0x0000025513e0f0a0, 0x0000025513e0d660
}

Java Threads: ( => current thread )
  0x00000254b1255280 JavaThread "main"                              [_thread_blocked, id=12560, stack(0x000000ef64a00000,0x000000ef64b00000) (1024K)]
  0x00000254b37acb50 JavaThread "Reference Handler"          daemon [_thread_blocked, id=1404, stack(0x000000ef64e00000,0x000000ef64f00000) (1024K)]
  0x00000254b37ae880 JavaThread "Finalizer"                  daemon [_thread_blocked, id=13788, stack(0x000000ef64f00000,0x000000ef65000000) (1024K)]
  0x00000254b3608c40 JavaThread "Signal Dispatcher"          daemon [_thread_blocked, id=14384, stack(0x000000ef65000000,0x000000ef65100000) (1024K)]
=>0x00000254b3609790 JavaThread "Attach Listener"            daemon [_thread_in_vm, id=4056, stack(0x000000ef65100000,0x000000ef65200000) (1024K)]
  0x00000254b360b480 JavaThread "Service Thread"             daemon [_thread_blocked, id=15040, stack(0x000000ef65200000,0x000000ef65300000) (1024K)]
  0x00000254b360bee0 JavaThread "Monitor Deflation Thread"   daemon [_thread_blocked, id=15032, stack(0x000000ef65300000,0x000000ef65400000) (1024K)]
  0x00000254b360cd20 JavaThread "C2 CompilerThread0"         daemon [_thread_blocked, id=4756, stack(0x000000ef65400000,0x000000ef65500000) (1024K)]
  0x00000254b3688c30 JavaThread "C1 CompilerThread0"         daemon [_thread_blocked, id=4932, stack(0x000000ef65500000,0x000000ef65600000) (1024K)]
  0x00000255101ba370 JavaThread "Common-Cleaner"             daemon [_thread_blocked, id=15068, stack(0x000000ef65600000,0x000000ef65700000) (1024K)]
  0x00000255102f8520 JavaThread "Notification Thread"        daemon [_thread_blocked, id=15048, stack(0x000000ef65700000,0x000000ef65800000) (1024K)]
  0x0000025510bc6270 JavaThread "Active Thread: Equinox Container: 74a5d4cd-d969-4fe2-b0ec-3266dc6d0a7a"        [_thread_blocked, id=15232, stack(0x000000ef65c00000,0x000000ef65d00000) (1024K)]
  0x00000255103fe0c0 JavaThread "Refresh Thread: Equinox Container: 74a5d4cd-d969-4fe2-b0ec-3266dc6d0a7a" daemon [_thread_blocked, id=1436, stack(0x000000ef65800000,0x000000ef65900000) (1024K)]
  0x0000025510de3310 JavaThread "Framework Event Dispatcher: Equinox Container: 74a5d4cd-d969-4fe2-b0ec-3266dc6d0a7a" daemon [_thread_blocked, id=1992, stack(0x000000ef65d00000,0x000000ef65e00000) (1024K)]
  0x0000025510de3980 JavaThread "Start Level: Equinox Container: 74a5d4cd-d969-4fe2-b0ec-3266dc6d0a7a" daemon [_thread_blocked, id=13848, stack(0x000000ef65e00000,0x000000ef65f00000) (1024K)]
  0x000002551126f670 JavaThread "Bundle File Closer"         daemon [_thread_blocked, id=15120, stack(0x000000ef66000000,0x000000ef66100000) (1024K)]
  0x000002551106b960 JavaThread "SCR Component Actor"        daemon [_thread_blocked, id=14532, stack(0x000000ef65f00000,0x000000ef66000000) (1024K)]
  0x0000025510916e60 JavaThread "Worker-JM"                         [_thread_blocked, id=5340, stack(0x000000ef66200000,0x000000ef66300000) (1024K)]
  0x0000025510429d90 JavaThread "JNA Cleaner"                daemon [_thread_blocked, id=14548, stack(0x000000ef66100000,0x000000ef66200000) (1024K)]
  0x0000025510429700 JavaThread "Worker-1"                          [_thread_blocked, id=14376, stack(0x000000ef66400000,0x000000ef66500000) (1024K)]
  0x000002551042c4f0 JavaThread "Java indexing"              daemon [_thread_blocked, id=1496, stack(0x000000ef66700000,0x000000ef66800000) (1024K)]
  0x000002551042b7d0 JavaThread "Worker-4"                          [_thread_blocked, id=2588, stack(0x000000ef66b00000,0x000000ef66c00000) (1024K)]
  0x000002551042be60 JavaThread "Thread-1"                   daemon [_thread_in_native, id=11496, stack(0x000000ef66600000,0x000000ef66700000) (1024K)]
  0x0000025513e0af00 JavaThread "Thread-2"                   daemon [_thread_in_native, id=8652, stack(0x000000ef66c00000,0x000000ef66d00000) (1024K)]
  0x0000025513e0dcf0 JavaThread "Thread-3"                   daemon [_thread_in_native, id=3360, stack(0x000000ef66d00000,0x000000ef66e00000) (1024K)]
  0x0000025513e0b590 JavaThread "Thread-4"                   daemon [_thread_in_native, id=2716, stack(0x000000ef66e00000,0x000000ef66f00000) (1024K)]
  0x0000025513e0c940 JavaThread "Thread-5"                   daemon [_thread_in_native, id=2692, stack(0x000000ef66f00000,0x000000ef67000000) (1024K)]
  0x0000025513e0bc20 JavaThread "pool-2-thread-1"                   [_thread_blocked, id=2820, stack(0x000000ef67000000,0x000000ef67100000) (1024K)]
  0x0000025513e0f0a0 JavaThread "WorkspaceEventsHandler"            [_thread_blocked, id=3416, stack(0x000000ef67100000,0x000000ef67200000) (1024K)]
  0x0000025513e0d660 JavaThread "pool-1-thread-1"                   [_thread_blocked, id=3400, stack(0x000000ef67200000,0x000000ef67300000) (1024K)]
Total: 30

Other Threads:
  0x00000254b3795bb0 VMThread "VM Thread"                           [id=1400, stack(0x000000ef64d00000,0x000000ef64e00000) (1024K)]
  0x00000254b357c950 WatcherThread "VM Periodic Task Thread"        [id=14124, stack(0x000000ef64c00000,0x000000ef64d00000) (1024K)]
  0x00000254b3733600 WorkerThread "GC Thread#0"                     [id=14908, stack(0x000000ef64b00000,0x000000ef64c00000) (1024K)]
  0x00000255108adaf0 WorkerThread "GC Thread#1"                     [id=15168, stack(0x000000ef65900000,0x000000ef65a00000) (1024K)]
  0x00000255105937d0 WorkerThread "GC Thread#2"                     [id=15156, stack(0x000000ef65a00000,0x000000ef65b00000) (1024K)]
  0x0000025510593b80 WorkerThread "GC Thread#3"                     [id=15164, stack(0x000000ef65b00000,0x000000ef65c00000) (1024K)]
Total: 6

Threads with active compile tasks:
Total: 0

VM state: not at safepoint (normal execution)

VM Mutex/Monitor currently owned by a thread: None

Heap address: 0x0000000080000000, size: 2048 MB, Compressed Oops mode: 32-bit

CDS archive(s) mapped at: [0x00000254ca000000-0x00000254caba0000-0x00000254caba0000), size 12189696, SharedBaseAddress: 0x00000254ca000000, ArchiveRelocationMode: 1.
Compressed class space mapped at: 0x00000254cb000000-0x000002550b000000, reserved size: 1073741824
Narrow klass base: 0x00000254ca000000, Narrow klass shift: 0, Narrow klass range: 0x100000000

GC Precious Log:
 CardTable entry size: 512
 CPUs: 4 total, 4 available
 Memory: 7971M
 Large Page Support: Disabled
 NUMA Support: Disabled
 Compressed Oops: Enabled (32-bit)
 Alignments: Space 512K, Generation 512K, Heap 2M
 Heap Min Capacity: 100M
 Heap Initial Capacity: 100M
 Heap Max Capacity: 2G
 Pre-touch: Disabled
 Parallel Workers: 4

Heap:
 PSYoungGen      total 19968K, used 3626K [0x00000000d5580000, 0x00000000d6b00000, 0x0000000100000000)
  eden space 19456K, 16% used [0x00000000d5580000,0x00000000d58ba958,0x00000000d6880000)
  from space 512K, 62% used [0x00000000d6880000,0x00000000d68d0020,0x00000000d6900000)
  to   space 1024K, 0% used [0x00000000d6a00000,0x00000000d6a00000,0x00000000d6b00000)
 ParOldGen       total 73216K, used 72807K [0x0000000080000000, 0x0000000084780000, 0x00000000d5580000)
  object space 73216K, 99% used [0x0000000080000000,0x0000000084719f00,0x0000000084780000)
 Metaspace       used 67172K, committed 68672K, reserved 1114112K
  class space    used 7165K, committed 7808K, reserved 1048576K

Card table byte_map: [0x00000254b3090000,0x00000254b34a0000] _byte_map_base: 0x00000254b2c90000

Marking Bits: (ParMarkBitMap*) 0x00007ffd57533450
 Begin Bits: [0x00000254c5ba0000, 0x00000254c7ba0000)
 End Bits:   [0x00000254c7ba0000, 0x00000254c9ba0000)

Polling page: 0x00000254b14c0000

Metaspace:

Usage:
  Non-class:     58.60 MB used.
      Class:      7.00 MB used.
       Both:     65.60 MB used.

Virtual space:
  Non-class space:       64.00 MB reserved,      59.44 MB ( 93%) committed,  1 nodes.
      Class space:        1.00 GB reserved,       7.62 MB ( <1%) committed,  1 nodes.
             Both:        1.06 GB reserved,      67.06 MB (  6%) committed. 

Chunk freelists:
   Non-Class:  3.98 MB
       Class:  8.23 MB
        Both:  12.21 MB

MaxMetaspaceSize: unlimited
CompressedClassSpaceSize: 1.00 GB
Initial GC threshold: 21.00 MB
Current GC threshold: 98.12 MB
CDS: on
 - commit_granule_bytes: 65536.
 - commit_granule_words: 8192.
 - virtual_space_node_default_size: 8388608.
 - enlarge_chunks_in_place: 1.
 - use_allocation_guard: 0.


Internal statistics:

num_allocs_failed_limit: 13.
num_arena_births: 1202.
num_arena_deaths: 14.
num_vsnodes_births: 2.
num_vsnodes_deaths: 0.
num_space_committed: 1073.
num_space_uncommitted: 0.
num_chunks_returned_to_freelist: 27.
num_chunks_taken_from_freelist: 4205.
num_chunk_merges: 18.
num_chunk_splits: 2545.
num_chunks_enlarged: 1392.
num_inconsistent_stats: 0.

CodeHeap 'non-profiled nmethods': size=120000Kb used=7711Kb max_used=7711Kb free=112288Kb
 bounds [0x00000254be3c0000, 0x00000254beb50000, 0x00000254c58f0000]
CodeHeap 'profiled nmethods': size=120000Kb used=23895Kb max_used=23895Kb free=96104Kb
 bounds [0x00000254b68f0000, 0x00000254b8050000, 0x00000254bde20000]
CodeHeap 'non-nmethods': size=5760Kb used=1462Kb max_used=1519Kb free=4297Kb
 bounds [0x00000254bde20000, 0x00000254be090000, 0x00000254be3c0000]
CodeCache: size=245760Kb, used=33068Kb, max_used=33125Kb, free=212689Kb
 total_blobs=11277, nmethods=10509, adapters=674, full_count=0
Compilation: enabled, stopped_count=0, restarted_count=0

Compilation events (20 events):
Event: 8279.347 Thread 0x00000254b3688c30 11321       3       org.eclipse.core.internal.jobs.JobQueue::isEmpty (18 bytes)
Event: 8279.347 Thread 0x00000254b3688c30 nmethod 11321 0x00000254b8040710 code [0x00000254b80408c0, 0x00000254b8040a50]
Event: 8279.348 Thread 0x00000254b3688c30 11322       1       org.eclipse.core.internal.jobs.InternalJob::setStartTime (6 bytes)
Event: 8279.348 Thread 0x00000254b3688c30 nmethod 11322 0x00000254beb47710 code [0x00000254beb478a0, 0x00000254beb47980]
Event: 8279.348 Thread 0x00000254b3688c30 11323   !   3       org.eclipse.core.internal.jobs.JobManager::sleepHint (67 bytes)
Event: 8279.350 Thread 0x00000254b3688c30 nmethod 11323 0x00000254b8040b10 code [0x00000254b8040d80, 0x00000254b8041850]
Event: 8300.054 Thread 0x00000254b3688c30 11324   !   3       java.lang.ref.ReferenceQueue::remove (61 bytes)
Event: 8300.062 Thread 0x00000254b3688c30 nmethod 11324 0x00000254b8041d10 code [0x00000254b8041fa0, 0x00000254b8042b28]
Event: 8300.062 Thread 0x00000254b3688c30 11325       3       java.lang.ref.ReferenceQueue::remove0 (64 bytes)
Event: 8300.063 Thread 0x00000254b3688c30 nmethod 11325 0x00000254b8042f10 code [0x00000254b8043120, 0x00000254b80435a0]
Event: 8322.358 Thread 0x00000254b3688c30 11326       3       java.util.concurrent.locks.AbstractQueuedSynchronizer$ConditionObject::await (202 bytes)
Event: 8322.362 Thread 0x00000254b3688c30 nmethod 11326 0x00000254b8043710 code [0x00000254b8043a00, 0x00000254b8044830]
Event: 8660.096 Thread 0x00000254b3688c30 11327       3       java.lang.ref.ReferenceQueue::await (15 bytes)
Event: 8660.098 Thread 0x00000254b3688c30 nmethod 11327 0x00000254b8044e10 code [0x00000254b8044fc0, 0x00000254b8045160]
Event: 9179.413 Thread 0x00000254b360cd20 11328       4       java.util.Arrays::fill (21 bytes)
Event: 9179.414 Thread 0x00000254b3688c30 11329       3       org.eclipse.core.runtime.jobs.Job::getRule (5 bytes)
Event: 9179.416 Thread 0x00000254b3688c30 nmethod 11329 0x00000254b8045290 code [0x00000254b8045420, 0x00000254b8045540]
Event: 9179.416 Thread 0x00000254b360cd20 nmethod 11328 0x00000254beb47a10 code [0x00000254beb47ba0, 0x00000254beb47c78]
Event: 9179.417 Thread 0x00000254b3688c30 11330  s!   3       org.eclipse.core.internal.jobs.WorkerPool::sleep (124 bytes)
Event: 9179.420 Thread 0x00000254b3688c30 nmethod 11330 0x00000254b8045610 code [0x00000254b8045820, 0x00000254b8045d38]

GC Heap History (20 events):
Event: 56.138 GC heap before
{Heap before GC invocations=55 (full 3):
 PSYoungGen      total 21504K, used 21248K [0x00000000d5580000, 0x00000000d6c00000, 0x0000000100000000)
  eden space 20480K, 100% used [0x00000000d5580000,0x00000000d6980000,0x00000000d6980000)
  from space 1024K, 75% used [0x00000000d6a80000,0x00000000d6b40000,0x00000000d6b80000)
  to   space 512K, 0% used [0x00000000d6b80000,0x00000000d6b80000,0x00000000d6c00000)
 ParOldGen       total 68608K, used 63721K [0x0000000080000000, 0x0000000084300000, 0x00000000d5580000)
  object space 68608K, 92% used [0x0000000080000000,0x0000000083e3a490,0x0000000084300000)
 Metaspace       used 63308K, committed 64768K, reserved 1114112K
  class space    used 6863K, committed 7488K, reserved 1048576K
}
Event: 56.141 GC heap after
{Heap after GC invocations=55 (full 3):
 PSYoungGen      total 20480K, used 512K [0x00000000d5580000, 0x00000000d6e80000, 0x0000000100000000)
  eden space 19968K, 0% used [0x00000000d5580000,0x00000000d5580000,0x00000000d6900000)
  from space 512K, 100% used [0x00000000d6b80000,0x00000000d6c00000,0x00000000d6c00000)
  to   space 2560K, 0% used [0x00000000d6900000,0x00000000d6900000,0x00000000d6b80000)
 ParOldGen       total 68608K, used 65304K [0x0000000080000000, 0x0000000084300000, 0x00000000d5580000)
  object space 68608K, 95% used [0x0000000080000000,0x0000000083fc60a0,0x0000000084300000)
 Metaspace       used 63308K, committed 64768K, reserved 1114112K
  class space    used 6863K, committed 7488K, reserved 1048576K
}
Event: 56.246 GC heap before
{Heap before GC invocations=56 (full 3):
 PSYoungGen      total 20480K, used 20480K [0x00000000d5580000, 0x00000000d6e80000, 0x0000000100000000)
  eden space 19968K, 100% used [0x00000000d5580000,0x00000000d6900000,0x00000000d6900000)
  from space 512K, 100% used [0x00000000d6b80000,0x00000000d6c00000,0x00000000d6c00000)
  to   space 2560K, 0% used [0x00000000d6900000,0x00000000d6900000,0x00000000d6b80000)
 ParOldGen       total 68608K, used 65304K [0x0000000080000000, 0x0000000084300000, 0x00000000d5580000)
  object space 68608K, 95% used [0x0000000080000000,0x0000000083fc60a0,0x0000000084300000)
 Metaspace       used 63331K, committed 64832K, reserved 1114112K
  class space    used 6864K, committed 7488K, reserved 1048576K
}
Event: 56.247 GC heap after
{Heap after GC invocations=56 (full 3):
 PSYoungGen      total 21504K, used 1088K [0x00000000d5580000, 0x00000000d6c00000, 0x0000000100000000)
  eden space 19968K, 0% used [0x00000000d5580000,0x00000000d5580000,0x00000000d6900000)
  from space 1536K, 70% used [0x00000000d6900000,0x00000000d6a10000,0x00000000d6a80000)
  to   space 1536K, 0% used [0x00000000d6a80000,0x00000000d6a80000,0x00000000d6c00000)
 ParOldGen       total 68608K, used 65810K [0x0000000080000000, 0x0000000084300000, 0x00000000d5580000)
  object space 68608K, 95% used [0x0000000080000000,0x0000000084044bb8,0x0000000084300000)
 Metaspace       used 63331K, committed 64832K, reserved 1114112K
  class space    used 6864K, committed 7488K, reserved 1048576K
}
Event: 56.566 GC heap before
{Heap before GC invocations=57 (full 3):
 PSYoungGen      total 21504K, used 21056K [0x00000000d5580000, 0x00000000d6c00000, 0x0000000100000000)
  eden space 19968K, 100% used [0x00000000d5580000,0x00000000d6900000,0x00000000d6900000)
  from space 1536K, 70% used [0x00000000d6900000,0x00000000d6a10000,0x00000000d6a80000)
  to   space 1536K, 0% used [0x00000000d6a80000,0x00000000d6a80000,0x00000000d6c00000)
 ParOldGen       total 68608K, used 65810K [0x0000000080000000, 0x0000000084300000, 0x00000000d5580000)
  object space 68608K, 95% used [0x0000000080000000,0x0000000084044bb8,0x0000000084300000)
 Metaspace       used 63414K, committed 64960K, reserved 1114112K
  class space    used 6864K, committed 7488K, reserved 1048576K
}
Event: 56.570 GC heap after
{Heap after GC invocations=57 (full 3):
 PSYoungGen      total 21504K, used 1324K [0x00000000d5580000, 0x00000000d6c00000, 0x0000000100000000)
  eden space 19968K, 0% used [0x00000000d5580000,0x00000000d5580000,0x00000000d6900000)
  from space 1536K, 86% used [0x00000000d6a80000,0x00000000d6bcb138,0x00000000d6c00000)
  to   space 1536K, 0% used [0x00000000d6900000,0x00000000d6900000,0x00000000d6a80000)
 ParOldGen       total 68608K, used 66426K [0x0000000080000000, 0x0000000084300000, 0x00000000d5580000)
  object space 68608K, 96% used [0x0000000080000000,0x00000000840debb8,0x0000000084300000)
 Metaspace       used 63414K, committed 64960K, reserved 1114112K
  class space    used 6864K, committed 7488K, reserved 1048576K
}
Event: 56.981 GC heap before
{Heap before GC invocations=58 (full 3):
 PSYoungGen      total 21504K, used 21292K [0x00000000d5580000, 0x00000000d6c00000, 0x0000000100000000)
  eden space 19968K, 100% used [0x00000000d5580000,0x00000000d6900000,0x00000000d6900000)
  from space 1536K, 86% used [0x00000000d6a80000,0x00000000d6bcb138,0x00000000d6c00000)
  to   space 1536K, 0% used [0x00000000d6900000,0x00000000d6900000,0x00000000d6a80000)
 ParOldGen       total 68608K, used 66426K [0x0000000080000000, 0x0000000084300000, 0x00000000d5580000)
  object space 68608K, 96% used [0x0000000080000000,0x00000000840debb8,0x0000000084300000)
 Metaspace       used 63468K, committed 64960K, reserved 1114112K
  class space    used 6867K, committed 7488K, reserved 1048576K
}
Event: 56.985 GC heap after
{Heap after GC invocations=58 (full 3):
 PSYoungGen      total 20480K, used 512K [0x00000000d5580000, 0x00000000d6b00000, 0x0000000100000000)
  eden space 19968K, 0% used [0x00000000d5580000,0x00000000d5580000,0x00000000d6900000)
  from space 512K, 100% used [0x00000000d6900000,0x00000000d6980000,0x00000000d6980000)
  to   space 1024K, 0% used [0x00000000d6a00000,0x00000000d6a00000,0x00000000d6b00000)
 ParOldGen       total 68608K, used 67388K [0x0000000080000000, 0x0000000084300000, 0x00000000d5580000)
  object space 68608K, 98% used [0x0000000080000000,0x00000000841cf070,0x0000000084300000)
 Metaspace       used 63468K, committed 64960K, reserved 1114112K
  class space    used 6867K, committed 7488K, reserved 1048576K
}
Event: 57.201 GC heap before
{Heap before GC invocations=59 (full 3):
 PSYoungGen      total 20480K, used 20480K [0x00000000d5580000, 0x00000000d6b00000, 0x0000000100000000)
  eden space 19968K, 100% used [0x00000000d5580000,0x00000000d6900000,0x00000000d6900000)
  from space 512K, 100% used [0x00000000d6900000,0x00000000d6980000,0x00000000d6980000)
  to   space 1024K, 0% used [0x00000000d6a00000,0x00000000d6a00000,0x00000000d6b00000)
 ParOldGen       total 68608K, used 67388K [0x0000000080000000, 0x0000000084300000, 0x00000000d5580000)
  object space 68608K, 98% used [0x0000000080000000,0x00000000841cf070,0x0000000084300000)
 Metaspace       used 63506K, committed 65024K, reserved 1114112K
  class space    used 6873K, committed 7488K, reserved 1048576K
}
Event: 57.204 GC heap after
{Heap after GC invocations=59 (full 3):
 PSYoungGen      total 20992K, used 698K [0x00000000d5580000, 0x00000000d6b00000, 0x0000000100000000)
  eden space 19968K, 0% used [0x00000000d5580000,0x00000000d5580000,0x00000000d6900000)
  from space 1024K, 68% used [0x00000000d6a00000,0x00000000d6aae9e0,0x00000000d6b00000)
  to   space 1024K, 0% used [0x00000000d6900000,0x00000000d6900000,0x00000000d6a00000)
 ParOldGen       total 68608K, used 67788K [0x0000000080000000, 0x0000000084300000, 0x00000000d5580000)
  object space 68608K, 98% used [0x0000000080000000,0x0000000084233070,0x0000000084300000)
 Metaspace       used 63506K, committed 65024K, reserved 1114112K
  class space    used 6873K, committed 7488K, reserved 1048576K
}
Event: 57.376 GC heap before
{Heap before GC invocations=60 (full 3):
 PSYoungGen      total 20992K, used 20666K [0x00000000d5580000, 0x00000000d6b00000, 0x0000000100000000)
  eden space 19968K, 100% used [0x00000000d5580000,0x00000000d6900000,0x00000000d6900000)
  from space 1024K, 68% used [0x00000000d6a00000,0x00000000d6aae9e0,0x00000000d6b00000)
  to   space 1024K, 0% used [0x00000000d6900000,0x00000000d6900000,0x00000000d6a00000)
 ParOldGen       total 68608K, used 67788K [0x0000000080000000, 0x0000000084300000, 0x00000000d5580000)
  object space 68608K, 98% used [0x0000000080000000,0x0000000084233070,0x0000000084300000)
 Metaspace       used 63851K, committed 65344K, reserved 1114112K
  class space    used 6903K, committed 7552K, reserved 1048576K
}
Event: 57.379 GC heap after
{Heap after GC invocations=60 (full 3):
 PSYoungGen      total 20992K, used 954K [0x00000000d5580000, 0x00000000d6b00000, 0x0000000100000000)
  eden space 19968K, 0% used [0x00000000d5580000,0x00000000d5580000,0x00000000d6900000)
  from space 1024K, 93% used [0x00000000d6900000,0x00000000d69eeb60,0x00000000d6a00000)
  to   space 1024K, 0% used [0x00000000d6a00000,0x00000000d6a00000,0x00000000d6b00000)
 ParOldGen       total 68608K, used 68426K [0x0000000080000000, 0x0000000084300000, 0x00000000d5580000)
  object space 68608K, 99% used [0x0000000080000000,0x00000000842d2bf0,0x0000000084300000)
 Metaspace       used 63851K, committed 65344K, reserved 1114112K
  class space    used 6903K, committed 7552K, reserved 1048576K
}
Event: 57.581 GC heap before
{Heap before GC invocations=61 (full 3):
 PSYoungGen      total 20992K, used 20922K [0x00000000d5580000, 0x00000000d6b00000, 0x0000000100000000)
  eden space 19968K, 100% used [0x00000000d5580000,0x00000000d6900000,0x00000000d6900000)
  from space 1024K, 93% used [0x00000000d6900000,0x00000000d69eeb60,0x00000000d6a00000)
  to   space 1024K, 0% used [0x00000000d6a00000,0x00000000d6a00000,0x00000000d6b00000)
 ParOldGen       total 68608K, used 68426K [0x0000000080000000, 0x0000000084300000, 0x00000000d5580000)
  object space 68608K, 99% used [0x0000000080000000,0x00000000842d2bf0,0x0000000084300000)
 Metaspace       used 63874K, committed 65408K, reserved 1114112K
  class space    used 6906K, committed 7552K, reserved 1048576K
}
Event: 57.585 GC heap after
{Heap after GC invocations=61 (full 3):
 PSYoungGen      total 20992K, used 690K [0x00000000d5580000, 0x00000000d6b00000, 0x0000000100000000)
  eden space 19968K, 0% used [0x00000000d5580000,0x00000000d5580000,0x00000000d6900000)
  from space 1024K, 67% used [0x00000000d6a00000,0x00000000d6aacac0,0x00000000d6b00000)
  to   space 1024K, 0% used [0x00000000d6900000,0x00000000d6900000,0x00000000d6a00000)
 ParOldGen       total 70656K, used 70053K [0x0000000080000000, 0x0000000084500000, 0x00000000d5580000)
  object space 70656K, 99% used [0x0000000080000000,0x0000000084469660,0x0000000084500000)
 Metaspace       used 63874K, committed 65408K, reserved 1114112K
  class space    used 6906K, committed 7552K, reserved 1048576K
}
Event: 57.956 GC heap before
{Heap before GC invocations=62 (full 3):
 PSYoungGen      total 20992K, used 20658K [0x00000000d5580000, 0x00000000d6b00000, 0x0000000100000000)
  eden space 19968K, 100% used [0x00000000d5580000,0x00000000d6900000,0x00000000d6900000)
  from space 1024K, 67% used [0x00000000d6a00000,0x00000000d6aacac0,0x00000000d6b00000)
  to   space 1024K, 0% used [0x00000000d6900000,0x00000000d6900000,0x00000000d6a00000)
 ParOldGen       total 70656K, used 70053K [0x0000000080000000, 0x0000000084500000, 0x00000000d5580000)
  object space 70656K, 99% used [0x0000000080000000,0x0000000084469660,0x0000000084500000)
 Metaspace       used 64869K, committed 66368K, reserved 1114112K
  class space    used 6989K, committed 7616K, reserved 1048576K
}
Event: 57.960 GC heap after
{Heap after GC invocations=62 (full 3):
 PSYoungGen      total 20992K, used 975K [0x00000000d5580000, 0x00000000d6c00000, 0x0000000100000000)
  eden space 19968K, 0% used [0x00000000d5580000,0x00000000d5580000,0x00000000d6900000)
  from space 1024K, 95% used [0x00000000d6900000,0x00000000d69f3f80,0x00000000d6a00000)
  to   space 1536K, 0% used [0x00000000d6a80000,0x00000000d6a80000,0x00000000d6c00000)
 ParOldGen       total 71168K, used 70707K [0x0000000080000000, 0x0000000084580000, 0x00000000d5580000)
  object space 71168K, 99% used [0x0000000080000000,0x000000008450ce28,0x0000000084580000)
 Metaspace       used 64869K, committed 66368K, reserved 1114112K
  class space    used 6989K, committed 7616K, reserved 1048576K
}
Event: 60.082 GC heap before
{Heap before GC invocations=63 (full 3):
 PSYoungGen      total 20992K, used 20943K [0x00000000d5580000, 0x00000000d6c00000, 0x0000000100000000)
  eden space 19968K, 100% used [0x00000000d5580000,0x00000000d6900000,0x00000000d6900000)
  from space 1024K, 95% used [0x00000000d6900000,0x00000000d69f3f80,0x00000000d6a00000)
  to   space 1536K, 0% used [0x00000000d6a80000,0x00000000d6a80000,0x00000000d6c00000)
 ParOldGen       total 71168K, used 70707K [0x0000000080000000, 0x0000000084580000, 0x00000000d5580000)
  object space 71168K, 99% used [0x0000000080000000,0x000000008450ce28,0x0000000084580000)
 Metaspace       used 66596K, committed 68160K, reserved 1114112K
  class space    used 7136K, committed 7808K, reserved 1048576K
}
Event: 60.087 GC heap after
{Heap after GC invocations=63 (full 3):
 PSYoungGen      total 20992K, used 1470K [0x00000000d5580000, 0x00000000d6d00000, 0x0000000100000000)
  eden space 19456K, 0% used [0x00000000d5580000,0x00000000d5580000,0x00000000d6880000)
  from space 1536K, 95% used [0x00000000d6a80000,0x00000000d6befb90,0x00000000d6c00000)
  to   space 2048K, 0% used [0x00000000d6880000,0x00000000d6880000,0x00000000d6a80000)
 ParOldGen       total 71680K, used 71583K [0x0000000080000000, 0x0000000084600000, 0x00000000d5580000)
  object space 71680K, 99% used [0x0000000080000000,0x00000000845e7c28,0x0000000084600000)
 Metaspace       used 66596K, committed 68160K, reserved 1114112K
  class space    used 7136K, committed 7808K, reserved 1048576K
}
Event: 64.909 GC heap before
{Heap before GC invocations=64 (full 3):
 PSYoungGen      total 20992K, used 20926K [0x00000000d5580000, 0x00000000d6d00000, 0x0000000100000000)
  eden space 19456K, 100% used [0x00000000d5580000,0x00000000d6880000,0x00000000d6880000)
  from space 1536K, 95% used [0x00000000d6a80000,0x00000000d6befb90,0x00000000d6c00000)
  to   space 2048K, 0% used [0x00000000d6880000,0x00000000d6880000,0x00000000d6a80000)
 ParOldGen       total 71680K, used 71583K [0x0000000080000000, 0x0000000084600000, 0x00000000d5580000)
  object space 71680K, 99% used [0x0000000080000000,0x00000000845e7c28,0x0000000084600000)
 Metaspace       used 66989K, committed 68480K, reserved 1114112K
  class space    used 7155K, committed 7808K, reserved 1048576K
}
Event: 64.913 GC heap after
{Heap after GC invocations=64 (full 3):
 PSYoungGen      total 19968K, used 320K [0x00000000d5580000, 0x00000000d6b00000, 0x0000000100000000)
  eden space 19456K, 0% used [0x00000000d5580000,0x00000000d5580000,0x00000000d6880000)
  from space 512K, 62% used [0x00000000d6880000,0x00000000d68d0020,0x00000000d6900000)
  to   space 1024K, 0% used [0x00000000d6a00000,0x00000000d6a00000,0x00000000d6b00000)
 ParOldGen       total 73216K, used 72807K [0x0000000080000000, 0x0000000084780000, 0x00000000d5580000)
  object space 73216K, 99% used [0x0000000080000000,0x0000000084719f00,0x0000000084780000)
 Metaspace       used 66989K, committed 68480K, reserved 1114112K
  class space    used 7155K, committed 7808K, reserved 1048576K
}

Dll operation events (12 events):
Event: 0.028 Loaded shared library c:\Users\bosev\.vscode\extensions\redhat.java-1.54.0-win32-x64\jre\21.0.10-win32-x86_64\bin\java.dll
Event: 0.254 Loaded shared library c:\Users\bosev\.vscode\extensions\redhat.java-1.54.0-win32-x64\jre\21.0.10-win32-x86_64\bin\zip.dll
Event: 0.282 Loaded shared library C:\Users\bosev\.vscode\extensions\redhat.java-1.54.0-win32-x64\jre\21.0.10-win32-x86_64\bin\instrument.dll
Event: 0.301 Loaded shared library C:\Users\bosev\.vscode\extensions\redhat.java-1.54.0-win32-x64\jre\21.0.10-win32-x86_64\bin\net.dll
Event: 0.304 Loaded shared library C:\Users\bosev\.vscode\extensions\redhat.java-1.54.0-win32-x64\jre\21.0.10-win32-x86_64\bin\nio.dll
Event: 0.320 Loaded shared library C:\Users\bosev\.vscode\extensions\redhat.java-1.54.0-win32-x64\jre\21.0.10-win32-x86_64\bin\zip.dll
Event: 0.347 Loaded shared library C:\Users\bosev\.vscode\extensions\redhat.java-1.54.0-win32-x64\jre\21.0.10-win32-x86_64\bin\jimage.dll
Event: 0.492 Loaded shared library c:\Users\bosev\.vscode\extensions\redhat.java-1.54.0-win32-x64\jre\21.0.10-win32-x86_64\bin\verify.dll
Event: 3.015 Loaded shared library C:\Users\bosev\AppData\Roaming\Code\User\globalStorage\redhat.java\1.54.0\config_win\org.eclipse.equinox.launcher\org.eclipse.equinox.launcher.win32.win32.x86_64_1.3.0.v20260203-2149\eclipse_11919.dll
Event: 7.063 Loaded shared library C:\Users\bosev\AppData\Local\Temp\jna-93925623\jna6534070471140990567.dll
Event: 15.868 Loaded shared library C:\Users\bosev\.vscode\extensions\redhat.java-1.54.0-win32-x64\jre\21.0.10-win32-x86_64\bin\sunmscapi.dll
Event: 20.799 Loaded shared library C:\Users\bosev\.vscode\extensions\redhat.java-1.54.0-win32-x64\jre\21.0.10-win32-x86_64\bin\extnet.dll

Deoptimization events (20 events):
Event: 64.220 Thread 0x0000025513e0cfd0 Uncommon trap: trap_request=0xffffff45 fr.pc=0x00000254be843588 relative=0x00000000000001e8
Event: 64.220 Thread 0x0000025513e0cfd0 Uncommon trap: reason=unstable_if action=reinterpret pc=0x00000254be843588 method=org.eclipse.core.runtime.Path.computeLength()I @ 92 c2
Event: 64.220 Thread 0x0000025513e0cfd0 DEOPT PACKING pc=0x00000254be843588 sp=0x000000ef675fe6e0
Event: 64.220 Thread 0x0000025513e0cfd0 DEOPT UNPACKING pc=0x00000254bde76da2 sp=0x000000ef675fe668 mode 2
Event: 64.347 Thread 0x0000025513e0cfd0 DEOPT PACKING pc=0x00000254b7a45567 sp=0x000000ef675fd640
Event: 64.347 Thread 0x0000025513e0cfd0 DEOPT UNPACKING pc=0x00000254bde778e2 sp=0x000000ef675fcbb0 mode 0
Event: 64.365 Thread 0x0000025513e0cfd0 DEOPT PACKING pc=0x00000254b7a45567 sp=0x000000ef675fd640
Event: 64.365 Thread 0x0000025513e0cfd0 DEOPT UNPACKING pc=0x00000254bde778e2 sp=0x000000ef675fcbb0 mode 0
Event: 64.395 Thread 0x0000025513e0cfd0 DEOPT PACKING pc=0x00000254b7a45567 sp=0x000000ef675fd670
Event: 64.395 Thread 0x0000025513e0cfd0 DEOPT UNPACKING pc=0x00000254bde778e2 sp=0x000000ef675fcbe0 mode 0
Event: 64.462 Thread 0x0000025513e0cfd0 DEOPT PACKING pc=0x00000254b7a45567 sp=0x000000ef675fd670
Event: 64.463 Thread 0x0000025513e0cfd0 DEOPT UNPACKING pc=0x00000254bde778e2 sp=0x000000ef675fcbe0 mode 0
Event: 64.908 Thread 0x0000025513e0cfd0 DEOPT PACKING pc=0x00000254b78f9552 sp=0x000000ef675fdc40
Event: 64.908 Thread 0x0000025513e0cfd0 DEOPT UNPACKING pc=0x00000254bde778e2 sp=0x000000ef675fd1b8 mode 0
Event: 64.917 Thread 0x0000025513e0cfd0 DEOPT PACKING pc=0x00000254b75df320 sp=0x000000ef675fe420
Event: 64.917 Thread 0x0000025513e0cfd0 DEOPT UNPACKING pc=0x00000254bde778e2 sp=0x000000ef675fd928 mode 3
Event: 64.917 Thread 0x0000025513e0cfd0 Uncommon trap: trap_request=0xffffff45 fr.pc=0x00000254be9c3ba0 relative=0x0000000000000ce0
Event: 64.917 Thread 0x0000025513e0cfd0 Uncommon trap: reason=unstable_if action=reinterpret pc=0x00000254be9c3ba0 method=java.util.concurrent.ConcurrentHashMap.putVal(Ljava/lang/Object;Ljava/lang/Object;Z)Ljava/lang/Object; @ 245 c2
Event: 64.917 Thread 0x0000025513e0cfd0 DEOPT PACKING pc=0x00000254be9c3ba0 sp=0x000000ef675fe620
Event: 64.918 Thread 0x0000025513e0cfd0 DEOPT UNPACKING pc=0x00000254bde76da2 sp=0x000000ef675fe5b8 mode 2

Classes loaded (20 events):
Event: 50.090 Loading class java/util/concurrent/CompletableFuture$UniAccept
Event: 50.098 Loading class java/util/concurrent/CompletableFuture$UniAccept done
Event: 50.098 Loading class java/util/concurrent/CompletableFuture$UniExceptionally
Event: 50.098 Loading class java/util/concurrent/CompletableFuture$UniExceptionally done
Event: 50.299 Loading class java/util/Hashtable$KeySet
Event: 50.299 Loading class java/util/Hashtable$KeySet done
Event: 56.156 Loading class sun/nio/cs/ISO_8859_1$Decoder
Event: 56.158 Loading class sun/nio/cs/ISO_8859_1$Decoder done
Event: 57.563 Loading class java/lang/invoke/MethodHandleImpl$CountingWrapper$1
Event: 57.563 Loading class java/lang/invoke/MethodHandleImpl$CountingWrapper$1 done
Event: 57.874 Loading class java/util/stream/ReduceOps$4
Event: 57.874 Loading class java/util/stream/ReduceOps$4 done
Event: 57.874 Loading class java/util/stream/ReduceOps$4ReducingSink
Event: 57.874 Loading class java/util/stream/ReduceOps$4ReducingSink done
Event: 64.950 Loading class java/util/AbstractList$RandomAccessSubList
Event: 64.950 Loading class java/util/AbstractList$SubList
Event: 64.951 Loading class java/util/AbstractList$SubList done
Event: 64.952 Loading class java/util/AbstractList$RandomAccessSubList done
Event: 64.952 Loading class java/util/AbstractList$SubList$1
Event: 64.952 Loading class java/util/AbstractList$SubList$1 done

Classes unloaded (7 events):
Event: 8.398 Thread 0x00000254b3795bb0 Unloading class 0x00000254cb1a4800 'java/lang/invoke/LambdaForm$MH+0x00000254cb1a4800'
Event: 8.398 Thread 0x00000254b3795bb0 Unloading class 0x00000254cb1a4400 'java/lang/invoke/LambdaForm$MH+0x00000254cb1a4400'
Event: 8.398 Thread 0x00000254b3795bb0 Unloading class 0x00000254cb1a4000 'java/lang/invoke/LambdaForm$MH+0x00000254cb1a4000'
Event: 8.398 Thread 0x00000254b3795bb0 Unloading class 0x00000254cb1a3c00 'java/lang/invoke/LambdaForm$MH+0x00000254cb1a3c00'
Event: 8.398 Thread 0x00000254b3795bb0 Unloading class 0x00000254cb1a3800 'java/lang/invoke/LambdaForm$BMH+0x00000254cb1a3800'
Event: 8.398 Thread 0x00000254b3795bb0 Unloading class 0x00000254cb1a3400 'java/lang/invoke/LambdaForm$DMH+0x00000254cb1a3400'
Event: 8.398 Thread 0x00000254b3795bb0 Unloading class 0x00000254cb1a2000 'java/lang/invoke/LambdaForm$DMH+0x00000254cb1a2000'

Classes redefined (0 events):
No events

Internal exceptions (20 events):
Event: 64.248 Thread 0x0000025513e0cfd0 Exception <a 'sun/nio/fs/WindowsException'{0x00000000d5c1f1a0}> (0x00000000d5c1f1a0) 
thrown [s\src\hotspot\share\prims\jni.cpp, line 520]
Event: 64.248 Thread 0x0000025513e0cfd0 Exception <a 'sun/nio/fs/WindowsException'{0x00000000d5c204d8}> (0x00000000d5c204d8) 
thrown [s\src\hotspot\share\prims\jni.cpp, line 520]
Event: 64.248 Thread 0x0000025513e0cfd0 Exception <a 'sun/nio/fs/WindowsException'{0x00000000d5c20db8}> (0x00000000d5c20db8) 
thrown [s\src\hotspot\share\prims\jni.cpp, line 520]
Event: 64.249 Thread 0x0000025513e0cfd0 Exception <a 'sun/nio/fs/WindowsException'{0x00000000d5c22108}> (0x00000000d5c22108) 
thrown [s\src\hotspot\share\prims\jni.cpp, line 520]
Event: 64.249 Thread 0x0000025513e0cfd0 Exception <a 'sun/nio/fs/WindowsException'{0x00000000d5c22c10}> (0x00000000d5c22c10) 
thrown [s\src\hotspot\share\prims\jni.cpp, line 520]
Event: 64.266 Thread 0x0000025513e0cfd0 Exception <a 'sun/nio/fs/WindowsException'{0x00000000d5c428f0}> (0x00000000d5c428f0) 
thrown [s\src\hotspot\share\prims\jni.cpp, line 520]
Event: 64.266 Thread 0x0000025513e0cfd0 Exception <a 'sun/nio/fs/WindowsException'{0x00000000d5c433f8}> (0x00000000d5c433f8) 
thrown [s\src\hotspot\share\prims\jni.cpp, line 520]
Event: 64.267 Thread 0x0000025513e0cfd0 Exception <a 'sun/nio/fs/WindowsException'{0x00000000d5c44730}> (0x00000000d5c44730) 
thrown [s\src\hotspot\share\prims\jni.cpp, line 520]
Event: 64.269 Thread 0x0000025513e0cfd0 Exception <a 'sun/nio/fs/WindowsException'{0x00000000d5c45010}> (0x00000000d5c45010) 
thrown [s\src\hotspot\share\prims\jni.cpp, line 520]
Event: 64.270 Thread 0x0000025513e0cfd0 Exception <a 'sun/nio/fs/WindowsException'{0x00000000d5c46360}> (0x00000000d5c46360) 
thrown [s\src\hotspot\share\prims\jni.cpp, line 520]
Event: 64.270 Thread 0x0000025513e0cfd0 Exception <a 'sun/nio/fs/WindowsException'{0x00000000d5c46e68}> (0x00000000d5c46e68) 
thrown [s\src\hotspot\share\prims\jni.cpp, line 520]
Event: 64.282 Thread 0x0000025513e0cfd0 Exception <a 'sun/nio/fs/WindowsException'{0x00000000d5c55258}> (0x00000000d5c55258) 
thrown [s\src\hotspot\share\prims\jni.cpp, line 520]
Event: 64.282 Thread 0x0000025513e0cfd0 Exception <a 'sun/nio/fs/WindowsException'{0x00000000d5c55d60}> (0x00000000d5c55d60) 
thrown [s\src\hotspot\share\prims\jni.cpp, line 520]
Event: 64.289 Thread 0x0000025513e0f730 Exception <a 'java/lang/NoSuchMethodError'{0x00000000d5c79ee0}: 'java.lang.Object java.lang.invoke.DirectMethodHandle$Holder.invokeStaticInit(java.lang.Object, java.lang.Object, java.lang.Object)'> (0x00000000d5c79ee0) 
thrown [s\src\hotspot\share\interpreter\linkResolver.cpp, line 773]
Event: 64.291 Thread 0x0000025513e0cfd0 Exception <a 'sun/nio/fs/WindowsException'{0x00000000d5c57098}> (0x00000000d5c57098) 
thrown [s\src\hotspot\share\prims\jni.cpp, line 520]
Event: 64.291 Thread 0x0000025513e0cfd0 Exception <a 'sun/nio/fs/WindowsException'{0x00000000d5c57978}> (0x00000000d5c57978) 
thrown [s\src\hotspot\share\prims\jni.cpp, line 520]
Event: 64.965 Thread 0x0000025513e0f730 Exception <a 'sun/nio/fs/WindowsException'{0x00000000d56509e0}> (0x00000000d56509e0) 
thrown [s\src\hotspot\share\prims\jni.cpp, line 520]
Event: 64.965 Thread 0x0000025513e0f730 Exception <a 'sun/nio/fs/WindowsException'{0x00000000d5651508}> (0x00000000d5651508) 
thrown [s\src\hotspot\share\prims\jni.cpp, line 520]
Event: 64.966 Thread 0x0000025513e0f730 Exception <a 'sun/nio/fs/WindowsException'{0x00000000d5652840}> (0x00000000d5652840) 
thrown [s\src\hotspot\share\prims\jni.cpp, line 520]
Event: 64.967 Thread 0x0000025513e0f730 Exception <a 'sun/nio/fs/WindowsException'{0x00000000d5653120}> (0x00000000d5653120) 
thrown [s\src\hotspot\share\prims\jni.cpp, line 520]

ZGC Phase Switch (0 events):
No events

VM Operations (20 events):
Event: 8724.658 Executing non-safepoint VM operation: HandshakeAllThreads (HandshakeForDeflation)
Event: 8724.658 Executing non-safepoint VM operation: HandshakeAllThreads (HandshakeForDeflation) done
Event: 8724.658 Executing non-safepoint VM operation: RendezvousGCThreads
Event: 8724.658 Executing non-safepoint VM operation: RendezvousGCThreads done
Event: 8784.740 Executing non-safepoint VM operation: HandshakeAllThreads (HandshakeForDeflation)
Event: 8784.740 Executing non-safepoint VM operation: HandshakeAllThreads (HandshakeForDeflation) done
Event: 8784.741 Executing non-safepoint VM operation: RendezvousGCThreads
Event: 8784.741 Executing non-safepoint VM operation: RendezvousGCThreads done
Event: 8965.290 Executing non-safepoint VM operation: HandshakeAllThreads (HandshakeForDeflation)
Event: 8965.290 Executing non-safepoint VM operation: HandshakeAllThreads (HandshakeForDeflation) done
Event: 8965.290 Executing non-safepoint VM operation: RendezvousGCThreads
Event: 8965.290 Executing non-safepoint VM operation: RendezvousGCThreads done
Event: 9205.764 Executing non-safepoint VM operation: HandshakeAllThreads (HandshakeForDeflation)
Event: 9205.764 Executing non-safepoint VM operation: HandshakeAllThreads (HandshakeForDeflation) done
Event: 9205.764 Executing non-safepoint VM operation: RendezvousGCThreads
Event: 9205.764 Executing non-safepoint VM operation: RendezvousGCThreads done
Event: 9265.845 Executing non-safepoint VM operation: HandshakeAllThreads (HandshakeForDeflation)
Event: 9265.845 Executing non-safepoint VM operation: HandshakeAllThreads (HandshakeForDeflation) done
Event: 9265.845 Executing non-safepoint VM operation: RendezvousGCThreads
Event: 9265.845 Executing non-safepoint VM operation: RendezvousGCThreads done

Memory protections (0 events):
No events

Nmethod flushes (20 events):
Event: 48.885 Thread 0x00000254b3795bb0 flushing  nmethod 0x00000254b7217410
Event: 48.885 Thread 0x00000254b3795bb0 flushing  nmethod 0x00000254b7228210
Event: 48.886 Thread 0x00000254b3795bb0 flushing  nmethod 0x00000254b7275710
Event: 48.886 Thread 0x00000254b3795bb0 flushing  nmethod 0x00000254b7275d10
Event: 48.886 Thread 0x00000254b3795bb0 flushing  nmethod 0x00000254b7276a90
Event: 48.886 Thread 0x00000254b3795bb0 flushing  nmethod 0x00000254b727b010
Event: 48.886 Thread 0x00000254b3795bb0 flushing  nmethod 0x00000254b727bf90
Event: 48.886 Thread 0x00000254b3795bb0 flushing  nmethod 0x00000254b727d090
Event: 48.886 Thread 0x00000254b3795bb0 flushing  nmethod 0x00000254b7286490
Event: 48.886 Thread 0x00000254b3795bb0 flushing  nmethod 0x00000254b7295010
Event: 48.886 Thread 0x00000254b3795bb0 flushing  nmethod 0x00000254b72ab110
Event: 48.886 Thread 0x00000254b3795bb0 flushing  nmethod 0x00000254b72ae610
Event: 48.886 Thread 0x00000254b3795bb0 flushing  nmethod 0x00000254b72ca010
Event: 48.886 Thread 0x00000254b3795bb0 flushing  nmethod 0x00000254b72e5a10
Event: 48.886 Thread 0x00000254b3795bb0 flushing  nmethod 0x00000254b7320910
Event: 48.886 Thread 0x00000254b3795bb0 flushing  nmethod 0x00000254b7321010
Event: 48.886 Thread 0x00000254b3795bb0 flushing  nmethod 0x00000254b7321610
Event: 48.886 Thread 0x00000254b3795bb0 flushing  nmethod 0x00000254b7321e90
Event: 48.886 Thread 0x00000254b3795bb0 flushing  nmethod 0x00000254b7322210
Event: 48.886 Thread 0x00000254b3795bb0 flushing  nmethod 0x00000254b7325610

Events (20 events):
Event: 55.604 Thread 0x0000025513317050 Thread exited: 0x0000025513317050
Event: 55.878 Thread 0x00000254b3688c30 Thread added: 0x0000025513fc4110
Event: 56.604 Thread 0x0000025513e11170 Thread exited: 0x0000025513e11170
Event: 56.604 Thread 0x0000025513e11800 Thread exited: 0x0000025513e11800
Event: 56.604 Thread 0x0000025513e0fdc0 Thread exited: 0x0000025513e0fdc0
Event: 56.604 Thread 0x0000025513e10450 Thread exited: 0x0000025513e10450
Event: 56.604 Thread 0x0000025513e10ae0 Thread exited: 0x0000025513e10ae0
Event: 57.899 Thread 0x0000025513fc4110 Thread exited: 0x0000025513fc4110
Event: 58.071 Thread 0x00000254b3688c30 Thread added: 0x000002551877e010
Event: 59.966 Thread 0x000002551877e010 Thread exited: 0x000002551877e010
Event: 60.319 Thread 0x00000254b3688c30 Thread added: 0x0000025518033d10
Event: 63.617 Thread 0x0000025518033d10 Thread exited: 0x0000025518033d10
Event: 65.089 Thread 0x00000254b3688c30 Thread added: 0x00000255198d3010
Event: 70.208 Thread 0x00000255198d3010 Thread exited: 0x00000255198d3010
Event: 119.977 Thread 0x000002551042aab0 Thread exited: 0x000002551042aab0
Event: 120.801 Thread 0x0000025510429070 Thread exited: 0x0000025510429070
Event: 125.058 Thread 0x000002551042b140 Thread exited: 0x000002551042b140
Event: 125.105 Thread 0x0000025513e0f730 Thread exited: 0x0000025513e0f730
Event: 185.106 Thread 0x0000025513e0cfd0 Thread exited: 0x0000025513e0cfd0
Event: 245.150 Thread 0x0000025513e0c2b0 Thread exited: 0x0000025513e0c2b0


Dynamic libraries:
0x00007ff7ef500000 - 0x00007ff7ef50e000 	c:\Users\bosev\.vscode\extensions\redhat.java-1.54.0-win32-x64\jre\21.0.10-win32-x86_64\bin\java.exe
0x00007ffd9e1a0000 - 0x00007ffd9e409000 	C:\WINDOWS\SYSTEM32\ntdll.dll
0x00007ffd9d660000 - 0x00007ffd9d729000 	C:\WINDOWS\System32\KERNEL32.DLL
0x00007ffd9b330000 - 0x00007ffd9b723000 	C:\WINDOWS\System32\KERNELBASE.dll
0x00007ffd9bd90000 - 0x00007ffd9bedb000 	C:\WINDOWS\System32\ucrtbase.dll
0x00007ffd8d4f0000 - 0x00007ffd8d508000 	c:\Users\bosev\.vscode\extensions\redhat.java-1.54.0-win32-x64\jre\21.0.10-win32-x86_64\bin\jli.dll
0x00007ffd9c350000 - 0x00007ffd9c514000 	C:\WINDOWS\System32\USER32.dll
0x00007ffd9bb90000 - 0x00007ffd9bbb7000 	C:\WINDOWS\System32\win32u.dll
0x00007ffd9d460000 - 0x00007ffd9d48b000 	C:\WINDOWS\System32\GDI32.dll
0x00007ffd9bc60000 - 0x00007ffd9bd8d000 	C:\WINDOWS\System32\gdi32full.dll
0x00007ffd9b730000 - 0x00007ffd9b7d3000 	C:\WINDOWS\System32\msvcp_win.dll
0x00007ffd6ac90000 - 0x00007ffd6acae000 	c:\Users\bosev\.vscode\extensions\redhat.java-1.54.0-win32-x64\jre\21.0.10-win32-x86_64\bin\VCRUNTIME140.dll
0x00007ffd884b0000 - 0x00007ffd88743000 	C:\WINDOWS\WinSxS\amd64_microsoft.windows.common-controls_6595b64144ccf1df_6.0.26100.5074_none_3e0d6f78e32fd63f\COMCTL32.dll
0x00007ffd9d2f0000 - 0x00007ffd9d399000 	C:\WINDOWS\System32\msvcrt.dll
0x00007ffd9d2b0000 - 0x00007ffd9d2df000 	C:\WINDOWS\System32\IMM32.DLL
0x0000000072980000 - 0x000000007298c000 	C:\Program Files (x86)\360\Total Security\safemon\SafeWrapper.dll
0x00007ffd9de40000 - 0x00007ffd9def4000 	C:\WINDOWS\System32\ADVAPI32.dll
0x00007ffd9c520000 - 0x00007ffd9c5c6000 	C:\WINDOWS\System32\sechost.dll
0x00007ffd9dcf0000 - 0x00007ffd9de08000 	C:\WINDOWS\System32\RPCRT4.dll
0x00007ffd59800000 - 0x00007ffd598ac000 	C:\Program Files (x86)\360\Total Security\safemon\libzdtp64.dll
0x00007ffd9cae0000 - 0x00007ffd9d22d000 	C:\WINDOWS\System32\SHELL32.dll
0x00007ffd9b8a0000 - 0x00007ffd9ba0c000 	C:\WINDOWS\System32\wintypes.dll
0x00007ffd9d970000 - 0x00007ffd9dceb000 	C:\WINDOWS\System32\combase.dll
0x00007ffd9d730000 - 0x00007ffd9d792000 	C:\WINDOWS\System32\SHLWAPI.dll
0x00007ffd9ae30000 - 0x00007ffd9ae3b000 	C:\WINDOWS\SYSTEM32\VERSION.dll
0x00007ffd8d530000 - 0x00007ffd8d53c000 	c:\Users\bosev\.vscode\extensions\redhat.java-1.54.0-win32-x64\jre\21.0.10-win32-x86_64\bin\vcruntime140_1.dll
0x00007ffd59770000 - 0x00007ffd597fd000 	c:\Users\bosev\.vscode\extensions\redhat.java-1.54.0-win32-x64\jre\21.0.10-win32-x86_64\bin\msvcp140.dll
0x00007ffd56870000 - 0x00007ffd57611000 	c:\Users\bosev\.vscode\extensions\redhat.java-1.54.0-win32-x64\jre\21.0.10-win32-x86_64\bin\server\jvm.dll
0x00007ffd9df00000 - 0x00007ffd9df74000 	C:\WINDOWS\System32\WS2_32.dll
0x00007ffd9b190000 - 0x00007ffd9b1ee000 	C:\WINDOWS\SYSTEM32\POWRPROF.dll
0x00007ffd937a0000 - 0x00007ffd937d5000 	C:\WINDOWS\SYSTEM32\WINMM.dll
0x00007ffd9b170000 - 0x00007ffd9b184000 	C:\WINDOWS\SYSTEM32\UMPDC.dll
0x00007ffd9a0a0000 - 0x00007ffd9a0bb000 	C:\WINDOWS\SYSTEM32\kernel.appcore.dll
0x00007ffd86de0000 - 0x00007ffd86dea000 	c:\Users\bosev\.vscode\extensions\redhat.java-1.54.0-win32-x64\jre\21.0.10-win32-x86_64\bin\jimage.dll
0x00007ffd98990000 - 0x00007ffd98bd2000 	C:\WINDOWS\SYSTEM32\DBGHELP.DLL
0x00007ffd9df80000 - 0x00007ffd9e057000 	C:\WINDOWS\System32\OLEAUT32.dll
0x00007ffd7e0e0000 - 0x00007ffd7e11d000 	C:\WINDOWS\SYSTEM32\dbgcore.DLL
0x00007ffd9bbc0000 - 0x00007ffd9bc59000 	C:\WINDOWS\System32\bcryptPrimitives.dll
0x00007ffd78b60000 - 0x00007ffd78b6f000 	c:\Users\bosev\.vscode\extensions\redhat.java-1.54.0-win32-x64\jre\21.0.10-win32-x86_64\bin\instrument.dll
0x00007ffd62f80000 - 0x00007ffd62fa0000 	c:\Users\bosev\.vscode\extensions\redhat.java-1.54.0-win32-x64\jre\21.0.10-win32-x86_64\bin\java.dll
0x00007ffd98f20000 - 0x00007ffd99779000 	C:\WINDOWS\SYSTEM32\windows.storage.dll
0x00007ffd9e060000 - 0x00007ffd9e150000 	C:\WINDOWS\System32\SHCORE.dll
0x00007ffd9b250000 - 0x00007ffd9b279000 	C:\WINDOWS\SYSTEM32\profapi.dll
0x00007ffd65a00000 - 0x00007ffd65a18000 	c:\Users\bosev\.vscode\extensions\redhat.java-1.54.0-win32-x64\jre\21.0.10-win32-x86_64\bin\zip.dll
0x00007ffd78370000 - 0x00007ffd78380000 	C:\Users\bosev\.vscode\extensions\redhat.java-1.54.0-win32-x64\jre\21.0.10-win32-x86_64\bin\net.dll
0x00007ffd8cf10000 - 0x00007ffd8d02f000 	C:\WINDOWS\SYSTEM32\WINHTTP.dll
0x00007ffd9a620000 - 0x00007ffd9a68b000 	C:\WINDOWS\system32\mswsock.dll
0x00007ffd65830000 - 0x00007ffd65846000 	C:\Users\bosev\.vscode\extensions\redhat.java-1.54.0-win32-x64\jre\21.0.10-win32-x86_64\bin\nio.dll
0x00007ffd65820000 - 0x00007ffd65830000 	c:\Users\bosev\.vscode\extensions\redhat.java-1.54.0-win32-x64\jre\21.0.10-win32-x86_64\bin\verify.dll
0x00007ffd5a0f0000 - 0x00007ffd5a135000 	C:\Users\bosev\AppData\Roaming\Code\User\globalStorage\redhat.java\1.54.0\config_win\org.eclipse.equinox.launcher\org.eclipse.equinox.launcher.win32.win32.x86_64_1.3.0.v20260203-2149\eclipse_11919.dll
0x00007ffd9d4c0000 - 0x00007ffd9d658000 	C:\WINDOWS\System32\ole32.dll
0x00007ffd9a8c0000 - 0x00007ffd9a8db000 	C:\WINDOWS\SYSTEM32\CRYPTSP.dll
0x00007ffd9a000000 - 0x00007ffd9a03b000 	C:\WINDOWS\system32\rsaenh.dll
0x00007ffd9a6c0000 - 0x00007ffd9a6eb000 	C:\WINDOWS\SYSTEM32\USERENV.dll
0x00007ffd9b220000 - 0x00007ffd9b246000 	C:\WINDOWS\SYSTEM32\bcrypt.dll
0x00007ffd9a8e0000 - 0x00007ffd9a8ec000 	C:\WINDOWS\SYSTEM32\CRYPTBASE.dll
0x00007ffd99af0000 - 0x00007ffd99b24000 	C:\WINDOWS\SYSTEM32\IPHLPAPI.DLL
0x00007ffd9d960000 - 0x00007ffd9d96a000 	C:\WINDOWS\System32\NSI.dll
0x00007ffd53cc0000 - 0x00007ffd53d09000 	C:\Users\bosev\AppData\Local\Temp\jna-93925623\jna6534070471140990567.dll
0x00007ffd9de10000 - 0x00007ffd9de18000 	C:\WINDOWS\System32\PSAPI.DLL
0x00007ffd8ebc0000 - 0x00007ffd8ebde000 	C:\WINDOWS\SYSTEM32\dhcpcsvc6.DLL
0x00007ffd8eb90000 - 0x00007ffd8ebb3000 	C:\WINDOWS\SYSTEM32\dhcpcsvc.DLL
0x00007ffd65690000 - 0x00007ffd6569e000 	C:\Users\bosev\.vscode\extensions\redhat.java-1.54.0-win32-x64\jre\21.0.10-win32-x86_64\bin\sunmscapi.dll
0x00007ffd9ba10000 - 0x00007ffd9bb87000 	C:\WINDOWS\System32\CRYPT32.dll
0x00007ffd9aae0000 - 0x00007ffd9ab10000 	C:\WINDOWS\SYSTEM32\ncrypt.dll
0x00007ffd9aa90000 - 0x00007ffd9aacf000 	C:\WINDOWS\SYSTEM32\NTASN1.dll
0x00007ffd99b90000 - 0x00007ffd99cb6000 	C:\WINDOWS\SYSTEM32\DNSAPI.dll
0x00007ffd8d1b0000 - 0x00007ffd8d1bb000 	C:\Windows\System32\rasadhlp.dll
0x00007ffd8f040000 - 0x00007ffd8f0c6000 	C:\WINDOWS\System32\fwpuclnt.dll
0x00007ffd7f7e0000 - 0x00007ffd7f7e9000 	C:\Users\bosev\.vscode\extensions\redhat.java-1.54.0-win32-x64\jre\21.0.10-win32-x86_64\bin\extnet.dll

JVMTI agents:
c:\Users\bosev\.vscode\extensions\redhat.java-1.54.0-win32-x64\lombok\lombok-1.18.39-4050.jar path:c:\Users\bosev\.vscode\extensions\redhat.java-1.54.0-win32-x64\jre\21.0.10-win32-x86_64\bin\instrument.dll, loaded, initialized, instrumentlib options:none

dbghelp: loaded successfully - version: 4.0.5 - missing functions: none
symbol engine: initialized successfully - sym options: 0x614 - pdb path: .;c:\Users\bosev\.vscode\extensions\redhat.java-1.54.0-win32-x64\jre\21.0.10-win32-x86_64\bin;C:\WINDOWS\SYSTEM32;C:\WINDOWS\WinSxS\amd64_microsoft.windows.common-controls_6595b64144ccf1df_6.0.26100.5074_none_3e0d6f78e32fd63f;C:\Program Files (x86)\360\Total Security\safemon;c:\Users\bosev\.vscode\extensions\redhat.java-1.54.0-win32-x64\jre\21.0.10-win32-x86_64\bin\server;C:\Users\bosev\AppData\Roaming\Code\User\globalStorage\redhat.java\1.54.0\config_win\org.eclipse.equinox.launcher\org.eclipse.equinox.launcher.win32.win32.x86_64_1.3.0.v20260203-2149;C:\Users\bosev\AppData\Local\Temp\jna-93925623

VM Arguments:
jvm_args: --add-modules=ALL-SYSTEM --add-opens=java.base/java.util=ALL-UNNAMED --add-opens=java.base/java.lang=ALL-UNNAMED --add-opens=java.base/sun.nio.fs=ALL-UNNAMED -Declipse.application=org.eclipse.jdt.ls.core.id1 -Dosgi.bundles.defaultStartLevel=4 -Declipse.product=org.eclipse.jdt.ls.core.product -Djava.import.generatesMetadataFilesAtProjectRoot=false -DDetectVMInstallationsJob.disabled=true -Dfile.encoding=utf8 -XX:+UseParallelGC -XX:GCTimeRatio=4 -XX:AdaptiveSizePolicyWeight=90 -Dsun.zip.disableMemoryMapping=true -Xmx2G -Xms100m -Xlog:disable -javaagent:c:\Users\bosev\.vscode\extensions\redhat.java-1.54.0-win32-x64\lombok\lombok-1.18.39-4050.jar -XX:+HeapDumpOnOutOfMemoryError -XX:HeapDumpPath=c:\Users\bosev\AppData\Roaming\Code\User\workspaceStorage\ea26cfe8232955ef6dd0045945a9475c\redhat.java -Daether.dependencyCollector.impl=bf 
java_command: c:\Users\bosev\.vscode\extensions\redhat.java-1.54.0-win32-x64\server\plugins\org.eclipse.equinox.launcher_1.7.100.v20251111-0406.jar -configuration c:\Users\bosev\AppData\Roaming\Code\User\globalStorage\redhat.java\1.54.0\config_win -data c:\Users\bosev\AppData\Roaming\Code\User\workspaceStorage\ea26cfe8232955ef6dd0045945a9475c\redhat.java\jdt_ws --pipe=\\.\pipe\lsp-2339523b9c1cf9c6feec127b2c524085-sock
java_class_path (initial): c:\Users\bosev\.vscode\extensions\redhat.java-1.54.0-win32-x64\server\plugins\org.eclipse.equinox.launcher_1.7.100.v20251111-0406.jar
Launcher Type: SUN_STANDARD

[Global flags]
    uintx AdaptiveSizePolicyWeight                 = 90                                        {product} {command line}
     intx CICompilerCount                          = 3                                         {product} {ergonomic}
    uintx GCTimeRatio                              = 4                                         {product} {command line}
     bool HeapDumpOnOutOfMemoryError               = true                                   {manageable} {command line}
    ccstr HeapDumpPath                             = c:\Users\bosev\AppData\Roaming\Code\User\workspaceStorage\ea26cfe8232955ef6dd0045945a9475c\redhat.java         {manageable} {command line}
   size_t InitialHeapSize                          = 104857600                                 {product} {command line}
   size_t MaxHeapSize                              = 2147483648                                {product} {command line}
   size_t MaxNewSize                               = 715653120                                 {product} {ergonomic}
   size_t MinHeapDeltaBytes                        = 524288                                    {product} {ergonomic}
   size_t MinHeapSize                              = 104857600                                 {product} {command line}
   size_t NewSize                                  = 34603008                                  {product} {ergonomic}
    uintx NonNMethodCodeHeapSize                   = 5832780                                {pd product} {ergonomic}
    uintx NonProfiledCodeHeapSize                  = 122912730                              {pd product} {ergonomic}
   size_t OldSize                                  = 70254592                                  {product} {ergonomic}
    uintx ProfiledCodeHeapSize                     = 122912730                              {pd product} {ergonomic}
    uintx ReservedCodeCacheSize                    = 251658240                              {pd product} {ergonomic}
     bool SegmentedCodeCache                       = true                                      {product} {ergonomic}
   size_t SoftMaxHeapSize                          = 2147483648                             {manageable} {ergonomic}
     bool UseCompressedOops                        = true                           {product lp64_product} {ergonomic}
     bool UseLargePagesIndividualAllocation        = false                                  {pd product} {ergonomic}
     bool UseParallelGC                            = true                                      {product} {command line}

Logging:
Log output configuration:
 #0: stdout all=off uptime,level,tags foldmultilines=false
 #1: stderr all=off uptime,level,tags foldmultilines=false

Release file:
JAVA_VERSION="21.0.10" 
MODULES="java.base java.compiler java.datatransfer java.xml java.prefs java.desktop java.instrument java.logging java.management java.security.sasl java.naming java.rmi java.management.rmi java.net.http java.scripting java.security.jgss java.transaction.xa java.sql java.sql.rowset java.xml.crypto java.se java.smartcardio jdk.accessibility jdk.internal.jvmstat jdk.attach jdk.charsets jdk.internal.opt jdk.zipfs jdk.compiler jdk.crypto.ec jdk.crypto.cryptoki jdk.crypto.mscapi jdk.dynalink jdk.internal.ed jdk.editpad jdk.hotspot.agent jdk.httpserver jdk.internal.le jdk.internal.vm.ci jdk.internal.vm.compiler jdk.internal.vm.compiler.management jdk.jartool jdk.javadoc jdk.jcmd jdk.management jdk.management.agent jdk.jconsole jdk.jdeps jdk.jdwp.agent jdk.jdi jdk.jfr jdk.jshell jdk.jsobject jdk.jstatd jdk.localedata jdk.management.jfr jdk.naming.dns jdk.naming.rmi jdk.net jdk.nio.mapmode jdk.random jdk.sctp jdk.security.auth jdk.security.jgss jdk.unsupported jdk.unsupported.desktop jdk.xml.dom" 

Environment Variables:
PATH=C:\Users\bosev\AppData\Local\Programs\Microsoft VS Code;C:\Program Files\Common Files\Oracle\Java\javapath;C:\WINDOWS\system32;C:\WINDOWS;C:\WINDOWS\System32\Wbem;C:\WINDOWS\System32\WindowsPowerShell\v1.0\;C:\WINDOWS\System32\OpenSSH\;C:\Program Files\Git\cmd;C:\ProgramData\chocolatey\bin;C:\Users\bosev\Desktop\;C:\Program Files\PuTTY\;C:\Program Files\Amazon\AWSCLIV2\;C:\ProgramData\chocolatey\lib\maven\apache-maven-3.9.14\bin;C:\Program Files\MySQL\MySQL Shell 8.0\bin\;C:\Users\bosev\AppData\Local\Microsoft\WindowsApps;;C:\Users\bosev\AppData\Local\Programs\Microsoft VS Code\bin;C:\Program Files\JetBrains\PyCharm 2023.1.3\bin;;C:\Program Files\JetBrains\PyCharm Community Edition 2023.3.3\bin;;C:\Users\bosev\AppData\Roaming\npm;C:\Users\bosev\AppData\Local\Programs\Antigravity\bin
USERNAME=bosev
OS=Windows_NT
PROCESSOR_IDENTIFIER=Intel64 Family 6 Model 140 Stepping 2, GenuineIntel
TMP=C:\Users\bosev\AppData\Local\Temp
TEMP=C:\Users\bosev\AppData\Local\Temp




Periodic native trim disabled

---------------  S Y S T E M  ---------------

OS:
 Windows 11 , 64 bit Build 26100 (10.0.26100.5074)
OS uptime: 0 days 2:40 hours
Hyper-V role detected

CPU: total 4 (initial active 4) (2 cores per cpu, 2 threads per core) family 6 model 140 stepping 2 microcode 0x28, cx8, cmov, fxsr, ht, mmx, 3dnowpref, sse, sse2, sse3, ssse3, sse4.1, sse4.2, popcnt, lzcnt, tsc, tscinvbit, avx, avx2, aes, erms, clmul, bmi1, bmi2, adx, avx512f, avx512dq, avx512cd, avx512bw, avx512vl, sha, fma, vzeroupper, avx512_vpopcntdq, avx512_vpclmulqdq, avx512_vaes, avx512_vnni, clflush, clflushopt, clwb, avx512_vbmi2, avx512_vbmi, hv, rdtscp, rdpid, fsrm, gfni, avx512_bitalg, f16c, cet_ibt, cet_ss, avx512_ifma
Processor Information for processor 0
  Max Mhz: 2995, Current Mhz: 2995, Mhz Limit: 2995
Processor Information for processor 1
  Max Mhz: 2995, Current Mhz: 2995, Mhz Limit: 2995
Processor Information for processor 2
  Max Mhz: 2995, Current Mhz: 1198, Mhz Limit: 2995
Processor Information for processor 3
  Max Mhz: 2995, Current Mhz: 1198, Mhz Limit: 2995

Memory: 4k page, system-wide physical 7971M (869M free)
TotalPageFile size 15628M (AvailPageFile size 80M)
current process WorkingSet (physical memory assigned to process): 8M, peak: 332M
current process commit charge ("private bytes"): 341M, peak: 389M

vm_info: OpenJDK 64-Bit Server VM (21.0.10+7-LTS) for windows-amd64 JRE (21.0.10+7-LTS), built on 2026-01-20T00:00:00Z by "admin" with MS VC++ 17.12 (VS2022)

END.
