#
# There is insufficient memory for the Java Runtime Environment to continue.
# Native memory allocation (mmap) failed to map 65536 bytes. Error detail: Failed to commit metaspace.
# Possible reasons:
#   The system is out of physical RAM or swap space
#   This process is running with CompressedOops enabled, and the Java Heap may be blocking the growth of the native heap
# Possible solutions:
#   Reduce memory load on the system
#   Increase physical memory or swap space
#   Check if swap backing store is full
#   Decrease Java heap size (-Xmx/-Xms)
#   Decrease number of Java threads
#   Decrease Java thread stack sizes (-Xss)
#   Set larger code cache with -XX:ReservedCodeCacheSize=
#   JVM is running with Unscaled Compressed Oops mode in which the Java heap is
#     placed in the first 4GB address space. The Java Heap base address is the
#     maximum limit for the native heap growth. Please use -XX:HeapBaseMinAddress
#     to set the Java Heap base and to place the Java Heap above 4GB virtual address.
# This output file may be truncated or incomplete.
#
#  Out of Memory Error (virtualSpaceNode.cpp:113), pid=15720, tid=9248
#
# JRE version: OpenJDK Runtime Environment Temurin-21.0.10+7 (21.0.10+7) (build 21.0.10+7-LTS)
# Java VM: OpenJDK 64-Bit Server VM Temurin-21.0.10+7 (21.0.10+7-LTS, mixed mode, sharing, tiered, compressed oops, compressed class ptrs, parallel gc, windows-amd64)
# No core dump will be written. Minidumps are not enabled by default on client versions of Windows
#

---------------  S U M M A R Y ------------

Command Line: --add-modules=ALL-SYSTEM --add-opens=java.base/java.util=ALL-UNNAMED --add-opens=java.base/java.lang=ALL-UNNAMED --add-opens=java.base/sun.nio.fs=ALL-UNNAMED -Declipse.application=org.eclipse.jdt.ls.core.id1 -Dosgi.bundles.defaultStartLevel=4 -Declipse.product=org.eclipse.jdt.ls.core.product -Djava.import.generatesMetadataFilesAtProjectRoot=false -DDetectVMInstallationsJob.disabled=true -Dfile.encoding=utf8 -XX:+UseParallelGC -XX:GCTimeRatio=4 -XX:AdaptiveSizePolicyWeight=90 -Dsun.zip.disableMemoryMapping=true -Xmx2G -Xms100m -Xlog:disable -javaagent:c:\Users\bosev\.vscode\extensions\redhat.java-1.54.0-win32-x64\lombok\lombok-1.18.39-4050.jar -XX:+HeapDumpOnOutOfMemoryError -XX:HeapDumpPath=c:\Users\bosev\AppData\Roaming\Code\User\workspaceStorage\ea26cfe8232955ef6dd0045945a9475c\redhat.java -Daether.dependencyCollector.impl=bf c:\Users\bosev\.vscode\extensions\redhat.java-1.54.0-win32-x64\server\plugins\org.eclipse.equinox.launcher_1.7.100.v20251111-0406.jar -configuration c:\Users\bosev\AppData\Roaming\Code\User\globalStorage\redhat.java\1.54.0\config_win -data c:\Users\bosev\AppData\Roaming\Code\User\workspaceStorage\ea26cfe8232955ef6dd0045945a9475c\redhat.java\jdt_ws --pipe=\\.\pipe\lsp-51e6ebd2be424786ce8d57d965fb32a2-sock

Host: 11th Gen Intel(R) Core(TM) i3-1115G4 @ 3.00GHz, 4 cores, 7G,  Windows 11 , 64 bit Build 26100 (10.0.26100.5074)
Time: Sun Apr 19 21:18:43 2026 India Standard Time elapsed time: 1.510631 seconds (0d 0h 0m 1s)

---------------  T H R E A D  ---------------

Current thread (0x0000012a71fb3df0):  JavaThread "main"             [_thread_in_vm, id=9248, stack(0x000000054bd00000,0x000000054be00000) (1024K)]

Stack: [0x000000054bd00000,0x000000054be00000]
Native frames: (J=compiled Java code, j=interpreted, Vv=VM code, C=native code)
V  [jvm.dll+0x6d7a39]
V  [jvm.dll+0x8b4b26]
V  [jvm.dll+0x8b70de]
V  [jvm.dll+0x8b77c3]
V  [jvm.dll+0x284346]
V  [jvm.dll+0x8b086e]
V  [jvm.dll+0x679444]
V  [jvm.dll+0x1e82bb]
V  [jvm.dll+0x1e807e]
V  [jvm.dll+0x67bd42]
V  [jvm.dll+0x67bb72]
V  [jvm.dll+0x679e1e]
V  [jvm.dll+0x3c74d3]
V  [jvm.dll+0x2116fb]
V  [jvm.dll+0x5b6479]
V  [jvm.dll+0x82ead6]
V  [jvm.dll+0x478db8]
V  [jvm.dll+0x47ebe8]
C  [java.dll+0x17ec]

Java frames: (J=compiled Java code, j=interpreted, Vv=VM code)
j  java.lang.ClassLoader.defineClass1(Ljava/lang/ClassLoader;Ljava/lang/String;[BIILjava/security/ProtectionDomain;Ljava/lang/String;)Ljava/lang/Class;+0 java.base@21.0.10
j  java.lang.ClassLoader.defineClass(Ljava/lang/String;[BIILjava/security/ProtectionDomain;)Ljava/lang/Class;+27 java.base@21.0.10
j  java.lang.ClassLoader.defineClass(Ljava/lang/String;[BII)Ljava/lang/Class;+7 java.base@21.0.10
j  lombok.launch.ShadowClassLoader.urlToDefineClass(Ljava/lang/String;Ljava/net/URL;Z)Ljava/lang/Class;+155
j  lombok.launch.ShadowClassLoader.loadClass(Ljava/lang/String;Z)Ljava/lang/Class;+238
j  java.lang.ClassLoader.loadClass(Ljava/lang/String;)Ljava/lang/Class;+3 java.base@21.0.10
v  ~StubRoutines::call_stub 0x0000012a075310e7
j  lombok.eclipse.agent.EclipseLoaderPatcher.patchEquinoxLoaders(Llombok/patcher/ScriptManager;Ljava/lang/Class;)V+322
j  lombok.eclipse.agent.EclipsePatcher.registerPatchScripts(Ljava/lang/instrument/Instrumentation;ZLjava/lang/Class;)V+44
j  lombok.eclipse.agent.EclipsePatcher.runAgent(Ljava/lang/String;Ljava/lang/instrument/Instrumentation;ZLjava/lang/Class;)V+4
j  lombok.core.AgentLauncher.runAgents(Ljava/lang/String;Ljava/lang/instrument/Instrumentation;ZLjava/lang/Class;)V+62
j  java.lang.invoke.LambdaForm$DMH+0x0000012a10004800.invokeStatic(Ljava/lang/Object;Ljava/lang/Object;Ljava/lang/Object;ILjava/lang/Object;)V+16 java.base@21.0.10
j  java.lang.invoke.LambdaForm$MH+0x0000012a10008c00.invoke(Ljava/lang/Object;Ljava/lang/Object;Ljava/lang/Object;)Ljava/lang/Object;+124 java.base@21.0.10
j  java.lang.invoke.Invokers$Holder.invokeExact_MT(Ljava/lang/Object;Ljava/lang/Object;Ljava/lang/Object;Ljava/lang/Object;)Ljava/lang/Object;+20 java.base@21.0.10
j  jdk.internal.reflect.DirectMethodHandleAccessor.invokeImpl(Ljava/lang/Object;[Ljava/lang/Object;)Ljava/lang/Object;+104 java.base@21.0.10
j  jdk.internal.reflect.DirectMethodHandleAccessor.invoke(Ljava/lang/Object;[Ljava/lang/Object;)Ljava/lang/Object;+23 java.base@21.0.10
j  java.lang.reflect.Method.invoke(Ljava/lang/Object;[Ljava/lang/Object;)Ljava/lang/Object;+102 java.base@21.0.10
j  lombok.launch.Agent.runLauncher(Ljava/lang/String;Ljava/lang/instrument/Instrumentation;Z)V+73
j  lombok.launch.Agent.premain(Ljava/lang/String;Ljava/lang/instrument/Instrumentation;)V+3
j  java.lang.invoke.LambdaForm$DMH+0x0000012a10000c00.invokeStatic(Ljava/lang/Object;Ljava/lang/Object;Ljava/lang/Object;)V+11 java.base@21.0.10
j  java.lang.invoke.LambdaForm$MH+0x0000012a10002800.invoke(Ljava/lang/Object;Ljava/lang/Object;Ljava/lang/Object;Ljava/lang/Object;)Ljava/lang/Object;+54 java.base@21.0.10
j  java.lang.invoke.LambdaForm$MH+0x0000012a10002c00.invokeExact_MT(Ljava/lang/Object;Ljava/lang/Object;Ljava/lang/Object;Ljava/lang/Object;Ljava/lang/Object;)Ljava/lang/Object;+22 java.base@21.0.10
j  jdk.internal.reflect.DirectMethodHandleAccessor.invokeImpl(Ljava/lang/Object;[Ljava/lang/Object;)Ljava/lang/Object;+72 java.base@21.0.10
j  jdk.internal.reflect.DirectMethodHandleAccessor.invoke(Ljava/lang/Object;[Ljava/lang/Object;)Ljava/lang/Object;+23 java.base@21.0.10
j  java.lang.reflect.Method.invoke(Ljava/lang/Object;[Ljava/lang/Object;)Ljava/lang/Object;+102 java.base@21.0.10
j  sun.instrument.InstrumentationImpl.loadClassAndStartAgent(Ljava/lang/String;Ljava/lang/String;Ljava/lang/String;)V+165 java.instrument@21.0.10
j  sun.instrument.InstrumentationImpl.loadClassAndCallPremain(Ljava/lang/String;Ljava/lang/String;)V+6 java.instrument@21.0.10
v  ~StubRoutines::call_stub 0x0000012a075310e7

---------------  P R O C E S S  ---------------

Threads class SMR info:
_java_thread_list=0x0000012a7c9dafe0, length=10, elements={
0x0000012a71fb3df0, 0x0000012a742cb310, 0x0000012a7bc20f90, 0x0000012a7bc278c0,
0x0000012a7bc28320, 0x0000012a7bc33620, 0x0000012a7bc34080, 0x0000012a7bc36e20,
0x0000012a7bca39a0, 0x0000012a7ca38960
}

Java Threads: ( => current thread )
=>0x0000012a71fb3df0 JavaThread "main"                              [_thread_in_vm, id=9248, stack(0x000000054bd00000,0x000000054be00000) (1024K)]
  0x0000012a742cb310 JavaThread "Reference Handler"          daemon [_thread_blocked, id=20728, stack(0x000000054c100000,0x000000054c200000) (1024K)]
  0x0000012a7bc20f90 JavaThread "Finalizer"                  daemon [_thread_blocked, id=7552, stack(0x000000054c200000,0x000000054c300000) (1024K)]
  0x0000012a7bc278c0 JavaThread "Signal Dispatcher"          daemon [_thread_blocked, id=14048, stack(0x000000054c300000,0x000000054c400000) (1024K)]
  0x0000012a7bc28320 JavaThread "Attach Listener"            daemon [_thread_blocked, id=14620, stack(0x000000054c400000,0x000000054c500000) (1024K)]
  0x0000012a7bc33620 JavaThread "Service Thread"             daemon [_thread_blocked, id=23496, stack(0x000000054c500000,0x000000054c600000) (1024K)]
  0x0000012a7bc34080 JavaThread "Monitor Deflation Thread"   daemon [_thread_blocked, id=13504, stack(0x000000054c600000,0x000000054c700000) (1024K)]
  0x0000012a7bc36e20 JavaThread "C2 CompilerThread0"         daemon [_thread_blocked, id=22192, stack(0x000000054c700000,0x000000054c800000) (1024K)]
  0x0000012a7bca39a0 JavaThread "C1 CompilerThread0"         daemon [_thread_blocked, id=19760, stack(0x000000054c800000,0x000000054c900000) (1024K)]
  0x0000012a7ca38960 JavaThread "Common-Cleaner"             daemon [_thread_blocked, id=2596, stack(0x000000054c900000,0x000000054ca00000) (1024K)]
Total: 10

Other Threads:
  0x0000012a742b2f60 VMThread "VM Thread"                           [id=10760, stack(0x000000054c000000,0x000000054c100000) (1024K)]
  0x0000012a742a0320 WatcherThread "VM Periodic Task Thread"        [id=17816, stack(0x000000054bf00000,0x000000054c000000) (1024K)]
  0x0000012a742518f0 WorkerThread "GC Thread#0"                     [id=19460, stack(0x000000054be00000,0x000000054bf00000) (1024K)]
Total: 3

Threads with active compile tasks:
Total: 0

VM state: not at safepoint (normal execution)

VM Mutex/Monitor currently owned by a thread:  ([mutex/lock_event])
[0x00007ffceaefc4e0] Metaspace_lock - owner thread: 0x0000012a71fb3df0

Heap address: 0x0000000080000000, size: 2048 MB, Compressed Oops mode: 32-bit

CDS archive(s) mapped at: [0x0000012a0f000000-0x0000012a0fba0000-0x0000012a0fba0000), size 12189696, SharedBaseAddress: 0x0000012a0f000000, ArchiveRelocationMode: 1.
Compressed class space mapped at: 0x0000012a10000000-0x0000012a50000000, reserved size: 1073741824
Narrow klass base: 0x0000012a0f000000, Narrow klass shift: 0, Narrow klass range: 0x100000000

GC Precious Log:
 CardTable entry size: 512
 CPUs: 4 total, 4 available
 Memory: 7971M
 Large Page Support: Disabled
 NUMA Support: Disabled
 Compressed Oops: Enabled (32-bit)
 Alignments: Space 512K, Generation 512K, Heap 2M
 Heap Min Capacity: 100M
 Heap Initial Capacity: 100M
 Heap Max Capacity: 2G
 Pre-touch: Disabled
 Parallel Workers: 4

Heap:
 PSYoungGen      total 29696K, used 8586K [0x00000000d5580000, 0x00000000d7680000, 0x0000000100000000)
  eden space 25600K, 33% used [0x00000000d5580000,0x00000000d5de2878,0x00000000d6e80000)
  from space 4096K, 0% used [0x00000000d7280000,0x00000000d7280000,0x00000000d7680000)
  to   space 4096K, 0% used [0x00000000d6e80000,0x00000000d6e80000,0x00000000d7280000)
 ParOldGen       total 68608K, used 0K [0x0000000080000000, 0x0000000084300000, 0x00000000d5580000)
  object space 68608K, 0% used [0x0000000080000000,0x0000000080000000,0x0000000084300000)
 Metaspace       used 1074K, committed 1216K, reserved 1114112K
  class space    used 95K, committed 128K, reserved 1048576K

Card table byte_map: [0x0000012a73bd0000,0x0000012a73fe0000] _byte_map_base: 0x0000012a737d0000

Marking Bits: (ParMarkBitMap*) 0x00007ffceaf03450
 Begin Bits: [0x0000012a776c0000, 0x0000012a796c0000)
 End Bits:   [0x0000012a796c0000, 0x0000012a7b6c0000)

Polling page: 0x0000012a739b0000

Metaspace:

Usage:
  Non-class:    978.88 KB used.
      Class:     95.20 KB used.
       Both:      1.05 MB used.

Virtual space:
  Non-class space:       64.00 MB reserved,       1.06 MB (  2%) committed,  1 nodes.
      Class space:        1.00 GB reserved,     128.00 KB ( <1%) committed,  1 nodes.
             Both:        1.06 GB reserved,       1.19 MB ( <1%) committed. 

Chunk freelists:
   Non-Class:  11.69 MB
       Class:  15.67 MB
        Both:  27.36 MB

MaxMetaspaceSize: unlimited
CompressedClassSpaceSize: 1.00 GB
Initial GC threshold: 21.00 MB
Current GC threshold: 21.00 MB
CDS: on
 - commit_granule_bytes: 65536.
 - commit_granule_words: 8192.
 - virtual_space_node_default_size: 8388608.
 - enlarge_chunks_in_place: 1.
 - use_allocation_guard: 0.


Internal statistics:

num_allocs_failed_limit: 0.
num_arena_births: 74.
num_arena_deaths: 0.
num_vsnodes_births: 2.
num_vsnodes_deaths: 0.
num_space_committed: 19.
num_space_uncommitted: 0.
num_chunks_returned_to_freelist: 0.
num_chunks_taken_from_freelist: 94.
num_chunk_merges: 0.
num_chunk_splits: 66.
num_chunks_enlarged: 42.
num_inconsistent_stats: 0.

CodeHeap 'non-profiled nmethods': size=120000Kb used=163Kb max_used=163Kb free=119836Kb
 bounds [0x0000012a07ad0000, 0x0000012a07d40000, 0x0000012a0f000000]
CodeHeap 'profiled nmethods': size=120000Kb used=706Kb max_used=706Kb free=119293Kb
 bounds [0x0000012a00000000, 0x0000012a00270000, 0x0000012a07530000]
CodeHeap 'non-nmethods': size=5760Kb used=1158Kb max_used=1173Kb free=4601Kb
 bounds [0x0000012a07530000, 0x0000012a077a0000, 0x0000012a07ad0000]
CodeCache: size=245760Kb, used=2027Kb, max_used=2042Kb, free=243730Kb
 total_blobs=905, nmethods=509, adapters=303, full_count=0
Compilation: enabled, stopped_count=0, restarted_count=0

Compilation events (20 events):
Event: 1.390 Thread 0x0000012a7bca39a0  499       3       java.lang.Enum::<init> (15 bytes)
Event: 1.390 Thread 0x0000012a7bca39a0 nmethod 499 0x0000012a000abf90 code [0x0000012a000ac140, 0x0000012a000ac2c8]
Event: 1.436 Thread 0x0000012a7bca39a0  501       1       java.net.URL::getPort (5 bytes)
Event: 1.436 Thread 0x0000012a7bca39a0 nmethod 501 0x0000012a07af8590 code [0x0000012a07af8720, 0x0000012a07af87e8]
Event: 1.437 Thread 0x0000012a7bca39a0  502       3       java.net.URI$Parser::scan (41 bytes)
Event: 1.438 Thread 0x0000012a7bca39a0 nmethod 502 0x0000012a000ac390 code [0x0000012a000ac5c0, 0x0000012a000acd00]
Event: 1.438 Thread 0x0000012a7bca39a0  503       3       java.lang.Character::isLetterOrDigit (5 bytes)
Event: 1.438 Thread 0x0000012a7bca39a0 nmethod 503 0x0000012a000ad090 code [0x0000012a000ad260, 0x0000012a000ad570]
Event: 1.464 Thread 0x0000012a7bca39a0  504       3       java.lang.String::regionMatches (150 bytes)
Event: 1.465 Thread 0x0000012a7bca39a0 nmethod 504 0x0000012a000ad690 code [0x0000012a000ad8e0, 0x0000012a000ae0a8]
Event: 1.465 Thread 0x0000012a7bca39a0  505       3       java.lang.StringLatin1::regionMatchesCI (45 bytes)
Event: 1.466 Thread 0x0000012a7bca39a0 nmethod 505 0x0000012a000ae390 code [0x0000012a000ae560, 0x0000012a000ae818]
Event: 1.469 Thread 0x0000012a7bca39a0  506       3       java.net.URL::lowerCaseProtocol (46 bytes)
Event: 1.470 Thread 0x0000012a7bca39a0 nmethod 506 0x0000012a000ae990 code [0x0000012a000aebc0, 0x0000012a000af0b0]
Event: 1.473 Thread 0x0000012a7bca39a0  507   !   3       java.lang.ref.ReferenceQueue::poll (40 bytes)
Event: 1.474 Thread 0x0000012a7bca39a0 nmethod 507 0x0000012a000af210 code [0x0000012a000af480, 0x0000012a000afed0]
Event: 1.475 Thread 0x0000012a7bca39a0  508       3       java.util.ArrayList::add (25 bytes)
Event: 1.476 Thread 0x0000012a7bca39a0 nmethod 508 0x0000012a000b0290 code [0x0000012a000b0460, 0x0000012a000b0840]
Event: 1.486 Thread 0x0000012a7bc36e20  509 %     4       java.lang.StringLatin1::replace @ 79 (198 bytes)
Event: 1.493 Thread 0x0000012a7bc36e20 nmethod 509% 0x0000012a07af8890 code [0x0000012a07af8a40, 0x0000012a07af8db0]

GC Heap History (0 events):
No events

Dll operation events (8 events):
Event: 0.039 Loaded shared library c:\Users\bosev\.vscode\extensions\redhat.java-1.54.0-win32-x64\jre\21.0.10-win32-x86_64\bin\java.dll
Event: 0.383 Loaded shared library c:\Users\bosev\.vscode\extensions\redhat.java-1.54.0-win32-x64\jre\21.0.10-win32-x86_64\bin\zip.dll
Event: 0.446 Loaded shared library C:\Users\bosev\.vscode\extensions\redhat.java-1.54.0-win32-x64\jre\21.0.10-win32-x86_64\bin\instrument.dll
Event: 0.454 Loaded shared library C:\Users\bosev\.vscode\extensions\redhat.java-1.54.0-win32-x64\jre\21.0.10-win32-x86_64\bin\net.dll
Event: 0.463 Loaded shared library C:\Users\bosev\.vscode\extensions\redhat.java-1.54.0-win32-x64\jre\21.0.10-win32-x86_64\bin\nio.dll
Event: 0.469 Loaded shared library C:\Users\bosev\.vscode\extensions\redhat.java-1.54.0-win32-x64\jre\21.0.10-win32-x86_64\bin\zip.dll
Event: 0.537 Loaded shared library C:\Users\bosev\.vscode\extensions\redhat.java-1.54.0-win32-x64\jre\21.0.10-win32-x86_64\bin\jimage.dll
Event: 1.046 Loaded shared library c:\Users\bosev\.vscode\extensions\redhat.java-1.54.0-win32-x64\jre\21.0.10-win32-x86_64\bin\verify.dll

Deoptimization events (14 events):
Event: 0.519 Thread 0x0000012a71fb3df0 Uncommon trap: trap_request=0xffffffde fr.pc=0x0000012a07adfd90 relative=0x00000000000007d0
Event: 0.519 Thread 0x0000012a71fb3df0 Uncommon trap: reason=class_check action=maybe_recompile pc=0x0000012a07adfd90 method=java.util.HashMap.putVal(ILjava/lang/Object;Ljava/lang/Object;ZZ)Ljava/lang/Object; @ 152 c2
Event: 0.519 Thread 0x0000012a71fb3df0 DEOPT PACKING pc=0x0000012a07adfd90 sp=0x000000054bdfe910
Event: 0.519 Thread 0x0000012a71fb3df0 DEOPT UNPACKING pc=0x0000012a07586da2 sp=0x000000054bdfe870 mode 2
Event: 0.519 Thread 0x0000012a71fb3df0 Uncommon trap: trap_request=0xffffffde fr.pc=0x0000012a07adfd90 relative=0x00000000000007d0
Event: 0.519 Thread 0x0000012a71fb3df0 Uncommon trap: reason=class_check action=maybe_recompile pc=0x0000012a07adfd90 method=java.util.HashMap.putVal(ILjava/lang/Object;Ljava/lang/Object;ZZ)Ljava/lang/Object; @ 152 c2
Event: 0.519 Thread 0x0000012a71fb3df0 DEOPT PACKING pc=0x0000012a07adfd90 sp=0x000000054bdfe910
Event: 0.519 Thread 0x0000012a71fb3df0 DEOPT UNPACKING pc=0x0000012a07586da2 sp=0x000000054bdfe870 mode 2
Event: 0.589 Thread 0x0000012a71fb3df0 DEOPT PACKING pc=0x0000012a00037ec9 sp=0x000000054bdfe6f0
Event: 0.589 Thread 0x0000012a71fb3df0 DEOPT UNPACKING pc=0x0000012a075878e2 sp=0x000000054bdfdb78 mode 0
Event: 0.590 Thread 0x0000012a71fb3df0 DEOPT PACKING pc=0x0000012a00037ec9 sp=0x000000054bdfe6f0
Event: 0.590 Thread 0x0000012a71fb3df0 DEOPT UNPACKING pc=0x0000012a075878e2 sp=0x000000054bdfdb78 mode 0
Event: 0.592 Thread 0x0000012a71fb3df0 DEOPT PACKING pc=0x0000012a00037ec9 sp=0x000000054bdfe6f0
Event: 0.592 Thread 0x0000012a71fb3df0 DEOPT UNPACKING pc=0x0000012a075878e2 sp=0x000000054bdfdb78 mode 0

Classes loaded (20 events):
Event: 1.054 Loading class java/lang/IllegalAccessException
Event: 1.054 Loading class java/lang/IllegalAccessException done
Event: 1.096 Loading class java/lang/IllegalStateException
Event: 1.096 Loading class java/lang/IllegalStateException done
Event: 1.113 Loading class java/lang/instrument/ClassFileTransformer
Event: 1.113 Loading class java/lang/instrument/ClassFileTransformer done
Event: 1.137 Loading class java/lang/UnsupportedOperationException
Event: 1.137 Loading class java/lang/UnsupportedOperationException done
Event: 1.199 Loading class java/lang/instrument/UnmodifiableClassException
Event: 1.199 Loading class java/lang/instrument/UnmodifiableClassException done
Event: 1.199 Loading class java/lang/instrument/ClassDefinition
Event: 1.199 Loading class java/lang/instrument/ClassDefinition done
Event: 1.274 Loading class java/lang/invoke/WrongMethodTypeException
Event: 1.274 Loading class java/lang/invoke/WrongMethodTypeException done
Event: 1.284 Loading class java/net/URLClassLoader
Event: 1.284 Loading class java/net/URLClassLoader done
Event: 1.339 Loading class java/util/regex/Pattern$Loop
Event: 1.339 Loading class java/util/regex/Pattern$Loop done
Event: 1.339 Loading class java/util/regex/Pattern$Prolog
Event: 1.340 Loading class java/util/regex/Pattern$Prolog done

Classes unloaded (0 events):
No events

Classes redefined (0 events):
No events

Internal exceptions (11 events):
Event: 0.371 Thread 0x0000012a71fb3df0 Exception <a 'java/lang/NoSuchMethodError'{0x00000000d57a9090}: 'void java.lang.invoke.DirectMethodHandle$Holder.invokeStatic(java.lang.Object, java.lang.Object, java.lang.Object)'> (0x00000000d57a9090) 
thrown [s\src\hotspot\share\interpreter\linkResolver.cpp, line 773]
Event: 0.530 Thread 0x0000012a71fb3df0 Exception <a 'java/lang/NoSuchMethodError'{0x00000000d5911fa0}: 'java.lang.Object java.lang.invoke.Invokers$Holder.invokeExact_MT(java.lang.Object, java.lang.Object, java.lang.Object, java.lang.Object, java.lang.Object)'> (0x00000000d5911fa0) 
thrown [s\src\hotspot\share\interpreter\linkResolver.cpp, line 773]
Event: 0.657 Thread 0x0000012a71fb3df0 Exception <a 'java/lang/NoSuchMethodError'{0x00000000d59ca1f8}: 'int java.lang.invoke.DirectMethodHandle$Holder.invokeSpecial(java.lang.Object, java.lang.Object, java.lang.Object, int)'> (0x00000000d59ca1f8) 
thrown [s\src\hotspot\share\interpreter\linkResolver.cpp, line 773]
Event: 0.661 Thread 0x0000012a71fb3df0 Exception <a 'java/lang/NoSuchMethodError'{0x00000000d59dcbe0}: 'java.lang.Object java.lang.invoke.DirectMethodHandle$Holder.invokeStatic(java.lang.Object, java.lang.Object, java.lang.Object, java.lang.Object, int)'> (0x00000000d59dcbe0) 
thrown [s\src\hotspot\share\interpreter\linkResolver.cpp, line 773]
Event: 0.664 Thread 0x0000012a71fb3df0 Exception <a 'java/lang/NoSuchMethodError'{0x00000000d59e8020}: 'void java.lang.invoke.DelegatingMethodHandle$Holder.reinvoke_L(java.lang.Object, java.lang.Object, java.lang.Object, int, java.lang.Object)'> (0x00000000d59e8020) 
thrown [s\src\hotspot\share\interpreter\linkResolver.cpp, line 773]
Event: 0.681 Thread 0x0000012a71fb3df0 Exception <a 'java/lang/NoSuchMethodError'{0x00000000d59f8970}: 'int java.lang.invoke.DirectMethodHandle$Holder.invokeSpecial(java.lang.Object, java.lang.Object, java.lang.Object)'> (0x00000000d59f8970) 
thrown [s\src\hotspot\share\interpreter\linkResolver.cpp, line 773]
Event: 0.687 Thread 0x0000012a71fb3df0 Exception <a 'java/lang/NoSuchMethodError'{0x00000000d5a04630}: 'java.lang.Object java.lang.invoke.DirectMethodHandle$Holder.invokeStatic(java.lang.Object, java.lang.Object, int)'> (0x00000000d5a04630) 
thrown [s\src\hotspot\share\interpreter\linkResolver.cpp, line 773]
Event: 0.691 Thread 0x0000012a71fb3df0 Exception <a 'java/lang/NoSuchMethodError'{0x00000000d5a08f80}: 'void java.lang.invoke.DirectMethodHandle$Holder.invokeStatic(java.lang.Object, java.lang.Object, int, java.lang.Object)'> (0x00000000d5a08f80) 
thrown [s\src\hotspot\share\interpreter\linkResolver.cpp, line 773]
Event: 0.698 Thread 0x0000012a71fb3df0 Exception <a 'java/lang/NoSuchMethodError'{0x00000000d5a0cb10}: 'void java.lang.invoke.DirectMethodHandle$Holder.invokeSpecial(java.lang.Object, java.lang.Object, java.lang.Object, int, java.lang.Object)'> (0x00000000d5a0cb10) 
thrown [s\src\hotspot\share\interpreter\linkResolver.cpp, line 773]
Event: 0.713 Thread 0x0000012a71fb3df0 Exception <a 'java/lang/NoSuchMethodError'{0x00000000d5a0ff80}: 'void java.lang.invoke.DelegatingMethodHandle$Holder.delegate(java.lang.Object, java.lang.Object, int, java.lang.Object)'> (0x00000000d5a0ff80) 
thrown [s\src\hotspot\share\interpreter\linkResolver.cpp, line 773]
Event: 1.271 Thread 0x0000012a71fb3df0 Exception <a 'java/lang/NoSuchMethodError'{0x00000000d5bcfde8}: 'void java.lang.invoke.DelegatingMethodHandle$Holder.reinvoke_L(java.lang.Object, java.lang.Object, java.lang.Object, int)'> (0x00000000d5bcfde8) 
thrown [s\src\hotspot\share\interpreter\linkResolver.cpp, line 773]

ZGC Phase Switch (0 events):
No events

VM Operations (4 events):
Event: 0.381 Executing non-safepoint VM operation: HandshakeAllThreads (Deoptimize)
Event: 0.381 Executing non-safepoint VM operation: HandshakeAllThreads (Deoptimize) done
Event: 0.602 Executing non-safepoint VM operation: HandshakeAllThreads (Deoptimize)
Event: 0.602 Executing non-safepoint VM operation: HandshakeAllThreads (Deoptimize) done

Memory protections (0 events):
No events

Nmethod flushes (0 events):
No events

Events (10 events):
Event: 0.076 Thread 0x0000012a71fb3df0 Thread added: 0x0000012a71fb3df0
Event: 0.179 Thread 0x0000012a71fb3df0 Thread added: 0x0000012a742cb310
Event: 0.179 Thread 0x0000012a71fb3df0 Thread added: 0x0000012a7bc20f90
Event: 0.180 Thread 0x0000012a71fb3df0 Thread added: 0x0000012a7bc278c0
Event: 0.182 Thread 0x0000012a71fb3df0 Thread added: 0x0000012a7bc28320
Event: 0.194 Thread 0x0000012a71fb3df0 Thread added: 0x0000012a7bc33620
Event: 0.194 Thread 0x0000012a71fb3df0 Thread added: 0x0000012a7bc34080
Event: 0.194 Thread 0x0000012a71fb3df0 Thread added: 0x0000012a7bc36e20
Event: 0.236 Thread 0x0000012a71fb3df0 Thread added: 0x0000012a7bca39a0
Event: 0.449 Thread 0x0000012a71fb3df0 Thread added: 0x0000012a7ca38960


Dynamic libraries:
0x00007ff72c4c0000 - 0x00007ff72c4ce000 	c:\Users\bosev\.vscode\extensions\redhat.java-1.54.0-win32-x64\jre\21.0.10-win32-x86_64\bin\java.exe
0x00007ffd9e1a0000 - 0x00007ffd9e409000 	C:\WINDOWS\SYSTEM32\ntdll.dll
0x00007ffd9d660000 - 0x00007ffd9d729000 	C:\WINDOWS\System32\KERNEL32.DLL
0x00007ffd9b330000 - 0x00007ffd9b723000 	C:\WINDOWS\System32\KERNELBASE.dll
0x00007ffd9bd90000 - 0x00007ffd9bedb000 	C:\WINDOWS\System32\ucrtbase.dll
0x00007ffd95e90000 - 0x00007ffd95ea8000 	c:\Users\bosev\.vscode\extensions\redhat.java-1.54.0-win32-x64\jre\21.0.10-win32-x86_64\bin\jli.dll
0x00007ffd9c350000 - 0x00007ffd9c514000 	C:\WINDOWS\System32\USER32.dll
0x00007ffd9bb90000 - 0x00007ffd9bbb7000 	C:\WINDOWS\System32\win32u.dll
0x00007ffd9d460000 - 0x00007ffd9d48b000 	C:\WINDOWS\System32\GDI32.dll
0x00007ffd9bc60000 - 0x00007ffd9bd8d000 	C:\WINDOWS\System32\gdi32full.dll
0x00007ffd9b730000 - 0x00007ffd9b7d3000 	C:\WINDOWS\System32\msvcp_win.dll
0x00007ffd8d4f0000 - 0x00007ffd8d50e000 	c:\Users\bosev\.vscode\extensions\redhat.java-1.54.0-win32-x64\jre\21.0.10-win32-x86_64\bin\VCRUNTIME140.dll
0x00007ffd884b0000 - 0x00007ffd88743000 	C:\WINDOWS\WinSxS\amd64_microsoft.windows.common-controls_6595b64144ccf1df_6.0.26100.5074_none_3e0d6f78e32fd63f\COMCTL32.dll
0x00007ffd9d2f0000 - 0x00007ffd9d399000 	C:\WINDOWS\System32\msvcrt.dll
0x00007ffd9d2b0000 - 0x00007ffd9d2df000 	C:\WINDOWS\System32\IMM32.DLL
0x0000000072980000 - 0x000000007298c000 	C:\Program Files (x86)\360\Total Security\safemon\SafeWrapper.dll
0x00007ffd9de40000 - 0x00007ffd9def4000 	C:\WINDOWS\System32\ADVAPI32.dll
0x00007ffd9c520000 - 0x00007ffd9c5c6000 	C:\WINDOWS\System32\sechost.dll
0x00007ffd9dcf0000 - 0x00007ffd9de08000 	C:\WINDOWS\System32\RPCRT4.dll
0x00007ffd59800000 - 0x00007ffd598ac000 	C:\Program Files (x86)\360\Total Security\safemon\libzdtp64.dll
0x00007ffd9cae0000 - 0x00007ffd9d22d000 	C:\WINDOWS\System32\SHELL32.dll
0x00007ffd9b8a0000 - 0x00007ffd9ba0c000 	C:\WINDOWS\System32\wintypes.dll
0x00007ffd9d970000 - 0x00007ffd9dceb000 	C:\WINDOWS\System32\combase.dll
0x00007ffd9d730000 - 0x00007ffd9d792000 	C:\WINDOWS\System32\SHLWAPI.dll
0x00007ffd9ae30000 - 0x00007ffd9ae3b000 	C:\WINDOWS\SYSTEM32\VERSION.dll
0x00007ffd95d90000 - 0x00007ffd95d9c000 	c:\Users\bosev\.vscode\extensions\redhat.java-1.54.0-win32-x64\jre\21.0.10-win32-x86_64\bin\vcruntime140_1.dll
0x00007ffd45a80000 - 0x00007ffd45b0d000 	c:\Users\bosev\.vscode\extensions\redhat.java-1.54.0-win32-x64\jre\21.0.10-win32-x86_64\bin\msvcp140.dll
0x00007ffcea240000 - 0x00007ffceafe1000 	c:\Users\bosev\.vscode\extensions\redhat.java-1.54.0-win32-x64\jre\21.0.10-win32-x86_64\bin\server\jvm.dll
0x00007ffd9df00000 - 0x00007ffd9df74000 	C:\WINDOWS\System32\WS2_32.dll
0x00007ffd9b190000 - 0x00007ffd9b1ee000 	C:\WINDOWS\SYSTEM32\POWRPROF.dll
0x00007ffd937a0000 - 0x00007ffd937d5000 	C:\WINDOWS\SYSTEM32\WINMM.dll
0x00007ffd9b170000 - 0x00007ffd9b184000 	C:\WINDOWS\SYSTEM32\UMPDC.dll
0x00007ffd9a0a0000 - 0x00007ffd9a0bb000 	C:\WINDOWS\SYSTEM32\kernel.appcore.dll
0x00007ffd7e120000 - 0x00007ffd7e12a000 	c:\Users\bosev\.vscode\extensions\redhat.java-1.54.0-win32-x64\jre\21.0.10-win32-x86_64\bin\jimage.dll
0x00007ffd98990000 - 0x00007ffd98bd2000 	C:\WINDOWS\SYSTEM32\DBGHELP.DLL
0x00007ffd9df80000 - 0x00007ffd9e057000 	C:\WINDOWS\System32\OLEAUT32.dll
0x00007ffd7e0e0000 - 0x00007ffd7e11d000 	C:\WINDOWS\SYSTEM32\dbgcore.DLL
0x00007ffd9bbc0000 - 0x00007ffd9bc59000 	C:\WINDOWS\System32\bcryptPrimitives.dll
0x00007ffd78c20000 - 0x00007ffd78c2f000 	c:\Users\bosev\.vscode\extensions\redhat.java-1.54.0-win32-x64\jre\21.0.10-win32-x86_64\bin\instrument.dll
0x00007ffd70900000 - 0x00007ffd70920000 	c:\Users\bosev\.vscode\extensions\redhat.java-1.54.0-win32-x64\jre\21.0.10-win32-x86_64\bin\java.dll
0x00007ffd98f20000 - 0x00007ffd99779000 	C:\WINDOWS\SYSTEM32\windows.storage.dll
0x00007ffd9e060000 - 0x00007ffd9e150000 	C:\WINDOWS\System32\SHCORE.dll
0x00007ffd9b250000 - 0x00007ffd9b279000 	C:\WINDOWS\SYSTEM32\profapi.dll
0x00007ffd65a00000 - 0x00007ffd65a18000 	c:\Users\bosev\.vscode\extensions\redhat.java-1.54.0-win32-x64\jre\21.0.10-win32-x86_64\bin\zip.dll
0x00007ffd78b60000 - 0x00007ffd78b70000 	C:\Users\bosev\.vscode\extensions\redhat.java-1.54.0-win32-x64\jre\21.0.10-win32-x86_64\bin\net.dll
0x00007ffd8cf10000 - 0x00007ffd8d02f000 	C:\WINDOWS\SYSTEM32\WINHTTP.dll
0x00007ffd9a620000 - 0x00007ffd9a68b000 	C:\WINDOWS\system32\mswsock.dll
0x00007ffd62f80000 - 0x00007ffd62f96000 	C:\Users\bosev\.vscode\extensions\redhat.java-1.54.0-win32-x64\jre\21.0.10-win32-x86_64\bin\nio.dll
0x00007ffd787b0000 - 0x00007ffd787c0000 	c:\Users\bosev\.vscode\extensions\redhat.java-1.54.0-win32-x64\jre\21.0.10-win32-x86_64\bin\verify.dll

JVMTI agents:
c:\Users\bosev\.vscode\extensions\redhat.java-1.54.0-win32-x64\lombok\lombok-1.18.39-4050.jar path:c:\Users\bosev\.vscode\extensions\redhat.java-1.54.0-win32-x64\jre\21.0.10-win32-x86_64\bin\instrument.dll, loaded, initialized, instrumentlib options:none

dbghelp: loaded successfully - version: 4.0.5 - missing functions: none
symbol engine: initialized successfully - sym options: 0x614 - pdb path: .;c:\Users\bosev\.vscode\extensions\redhat.java-1.54.0-win32-x64\jre\21.0.10-win32-x86_64\bin;C:\WINDOWS\SYSTEM32;C:\WINDOWS\WinSxS\amd64_microsoft.windows.common-controls_6595b64144ccf1df_6.0.26100.5074_none_3e0d6f78e32fd63f;C:\Program Files (x86)\360\Total Security\safemon;c:\Users\bosev\.vscode\extensions\redhat.java-1.54.0-win32-x64\jre\21.0.10-win32-x86_64\bin\server

VM Arguments:
jvm_args: --add-modules=ALL-SYSTEM --add-opens=java.base/java.util=ALL-UNNAMED --add-opens=java.base/java.lang=ALL-UNNAMED --add-opens=java.base/sun.nio.fs=ALL-UNNAMED -Declipse.application=org.eclipse.jdt.ls.core.id1 -Dosgi.bundles.defaultStartLevel=4 -Declipse.product=org.eclipse.jdt.ls.core.product -Djava.import.generatesMetadataFilesAtProjectRoot=false -DDetectVMInstallationsJob.disabled=true -Dfile.encoding=utf8 -XX:+UseParallelGC -XX:GCTimeRatio=4 -XX:AdaptiveSizePolicyWeight=90 -Dsun.zip.disableMemoryMapping=true -Xmx2G -Xms100m -Xlog:disable -javaagent:c:\Users\bosev\.vscode\extensions\redhat.java-1.54.0-win32-x64\lombok\lombok-1.18.39-4050.jar -XX:+HeapDumpOnOutOfMemoryError -XX:HeapDumpPath=c:\Users\bosev\AppData\Roaming\Code\User\workspaceStorage\ea26cfe8232955ef6dd0045945a9475c\redhat.java -Daether.dependencyCollector.impl=bf 
java_command: c:\Users\bosev\.vscode\extensions\redhat.java-1.54.0-win32-x64\server\plugins\org.eclipse.equinox.launcher_1.7.100.v20251111-0406.jar -configuration c:\Users\bosev\AppData\Roaming\Code\User\globalStorage\redhat.java\1.54.0\config_win -data c:\Users\bosev\AppData\Roaming\Code\User\workspaceStorage\ea26cfe8232955ef6dd0045945a9475c\redhat.java\jdt_ws --pipe=\\.\pipe\lsp-51e6ebd2be424786ce8d57d965fb32a2-sock
java_class_path (initial): c:\Users\bosev\.vscode\extensions\redhat.java-1.54.0-win32-x64\server\plugins\org.eclipse.equinox.launcher_1.7.100.v20251111-0406.jar
Launcher Type: SUN_STANDARD

[Global flags]
    uintx AdaptiveSizePolicyWeight                 = 90                                        {product} {command line}
     intx CICompilerCount                          = 3                                         {product} {ergonomic}
    uintx GCTimeRatio                              = 4                                         {product} {command line}
     bool HeapDumpOnOutOfMemoryError               = true                                   {manageable} {command line}
    ccstr HeapDumpPath                             = c:\Users\bosev\AppData\Roaming\Code\User\workspaceStorage\ea26cfe8232955ef6dd0045945a9475c\redhat.java         {manageable} {command line}
   size_t InitialHeapSize                          = 104857600                                 {product} {command line}
   size_t MaxHeapSize                              = 2147483648                                {product} {command line}
   size_t MaxNewSize                               = 715653120                                 {product} {ergonomic}
   size_t MinHeapDeltaBytes                        = 524288                                    {product} {ergonomic}
   size_t MinHeapSize                              = 104857600                                 {product} {command line}
   size_t NewSize                                  = 34603008                                  {product} {ergonomic}
    uintx NonNMethodCodeHeapSize                   = 5832780                                {pd product} {ergonomic}
    uintx NonProfiledCodeHeapSize                  = 122912730                              {pd product} {ergonomic}
   size_t OldSize                                  = 70254592                                  {product} {ergonomic}
    uintx ProfiledCodeHeapSize                     = 122912730                              {pd product} {ergonomic}
    uintx ReservedCodeCacheSize                    = 251658240                              {pd product} {ergonomic}
     bool SegmentedCodeCache                       = true                                      {product} {ergonomic}
   size_t SoftMaxHeapSize                          = 2147483648                             {manageable} {ergonomic}
     bool UseCompressedOops                        = true                           {product lp64_product} {ergonomic}
     bool UseLargePagesIndividualAllocation        = false                                  {pd product} {ergonomic}
     bool UseParallelGC                            = true                                      {product} {command line}

Logging:
Log output configuration:
 #0: stdout all=off uptime,level,tags foldmultilines=false
 #1: stderr all=off uptime,level,tags foldmultilines=false

Release file:
<release file has not been read>
Environment Variables:
PATH=C:\Users\bosev\AppData\Local\Programs\Microsoft VS Code;C:\Program Files\Common Files\Oracle\Java\javapath;C:\WINDOWS\system32;C:\WINDOWS;C:\WINDOWS\System32\Wbem;C:\WINDOWS\System32\WindowsPowerShell\v1.0\;C:\WINDOWS\System32\OpenSSH\;C:\Program Files\Git\cmd;C:\ProgramData\chocolatey\bin;C:\Users\bosev\Desktop\;C:\Program Files\PuTTY\;C:\Program Files\Amazon\AWSCLIV2\;C:\ProgramData\chocolatey\lib\maven\apache-maven-3.9.14\bin;C:\Program Files\MySQL\MySQL Shell 8.0\bin\;C:\Users\bosev\AppData\Local\Microsoft\WindowsApps;;C:\Users\bosev\AppData\Local\Programs\Microsoft VS Code\bin;C:\Program Files\JetBrains\PyCharm 2023.1.3\bin;;C:\Program Files\JetBrains\PyCharm Community Edition 2023.3.3\bin;;C:\Users\bosev\AppData\Roaming\npm;C:\Users\bosev\AppData\Local\Programs\Antigravity\bin
USERNAME=bosev
OS=Windows_NT
PROCESSOR_IDENTIFIER=Intel64 Family 6 Model 140 Stepping 2, GenuineIntel
TMP=C:\Users\bosev\AppData\Local\Temp
TEMP=C:\Users\bosev\AppData\Local\Temp




Periodic native trim disabled

---------------  S Y S T E M  ---------------

OS:
 Windows 11 , 64 bit Build 26100 (10.0.26100.5074)
OS uptime: 0 days 3:08 hours
Hyper-V role detected

CPU: total 4 (initial active 4) (2 cores per cpu, 2 threads per core) family 6 model 140 stepping 2 microcode 0x28, cx8, cmov, fxsr, ht, mmx, 3dnowpref, sse, sse2, sse3, ssse3, sse4.1, sse4.2, popcnt, lzcnt, tsc, tscinvbit, avx, avx2, aes, erms, clmul, bmi1, bmi2, adx, avx512f, avx512dq, avx512cd, avx512bw, avx512vl, sha, fma, vzeroupper, avx512_vpopcntdq, avx512_vpclmulqdq, avx512_vaes, avx512_vnni, clflush, clflushopt, clwb, avx512_vbmi2, avx512_vbmi, hv, rdtscp, rdpid, fsrm, gfni, avx512_bitalg, f16c, cet_ibt, cet_ss, avx512_ifma
Processor Information for the first 4 processors :
  Max Mhz: 2995, Current Mhz: 2995, Mhz Limit: 2995

Memory: 4k page, system-wide physical 7971M (487M free)
TotalPageFile size 15628M (AvailPageFile size 2M)
current process WorkingSet (physical memory assigned to process): 47M, peak: 47M
current process commit charge ("private bytes"): 211M, peak: 211M

vm_info: OpenJDK 64-Bit Server VM (21.0.10+7-LTS) for windows-amd64 JRE (21.0.10+7-LTS), built on 2026-01-20T00:00:00Z by "admin" with MS VC++ 17.12 (VS2022)

END.
