#
# There is insufficient memory for the Java Runtime Environment to continue.
# Native memory allocation (malloc) failed to allocate 548576 bytes. Error detail: Chunk::new
# Possible reasons:
#   The system is out of physical RAM or swap space
#   This process is running with CompressedOops enabled, and the Java Heap may be blocking the growth of the native heap
# Possible solutions:
#   Reduce memory load on the system
#   Increase physical memory or swap space
#   Check if swap backing store is full
#   Decrease Java heap size (-Xmx/-Xms)
#   Decrease number of Java threads
#   Decrease Java thread stack sizes (-Xss)
#   Set larger code cache with -XX:ReservedCodeCacheSize=
#   JVM is running with Unscaled Compressed Oops mode in which the Java heap is
#     placed in the first 4GB address space. The Java Heap base address is the
#     maximum limit for the native heap growth. Please use -XX:HeapBaseMinAddress
#     to set the Java Heap base and to place the Java Heap above 4GB virtual address.
# This output file may be truncated or incomplete.
#
#  Out of Memory Error (arena.cpp:168), pid=20532, tid=21332
#
# JRE version: OpenJDK Runtime Environment Temurin-21.0.10+7 (21.0.10+7) (build 21.0.10+7-LTS)
# Java VM: OpenJDK 64-Bit Server VM Temurin-21.0.10+7 (21.0.10+7-LTS, mixed mode, sharing, tiered, compressed oops, compressed class ptrs, parallel gc, windows-amd64)
# No core dump will be written. Minidumps are not enabled by default on client versions of Windows
#

---------------  S U M M A R Y ------------

Command Line: --add-modules=ALL-SYSTEM --add-opens=java.base/java.util=ALL-UNNAMED --add-opens=java.base/java.lang=ALL-UNNAMED --add-opens=java.base/sun.nio.fs=ALL-UNNAMED -Declipse.application=org.eclipse.jdt.ls.core.id1 -Dosgi.bundles.defaultStartLevel=4 -Declipse.product=org.eclipse.jdt.ls.core.product -Djava.import.generatesMetadataFilesAtProjectRoot=false -DDetectVMInstallationsJob.disabled=true -Dfile.encoding=utf8 -XX:+UseParallelGC -XX:GCTimeRatio=4 -XX:AdaptiveSizePolicyWeight=90 -Dsun.zip.disableMemoryMapping=true -Xmx2G -Xms100m -Xlog:disable -javaagent:c:\Users\bosev\.vscode\extensions\redhat.java-1.54.0-win32-x64\lombok\lombok-1.18.39-4050.jar c:\Users\bosev\.vscode\extensions\redhat.java-1.54.0-win32-x64\server\plugins\org.eclipse.equinox.launcher_1.7.100.v20251111-0406.jar -configuration c:\Users\bosev\AppData\Roaming\Code\User\globalStorage\redhat.java\1.54.0\config_ss_win -data c:\Users\bosev\AppData\Roaming\Code\User\workspaceStorage\ea26cfe8232955ef6dd0045945a9475c\redhat.java\ss_ws --pipe=\\.\pipe\lsp-aaee874924e5fdc5a1aa876ee6d60231-sock

Host: 11th Gen Intel(R) Core(TM) i3-1115G4 @ 3.00GHz, 4 cores, 7G,  Windows 11 , 64 bit Build 26100 (10.0.26100.5074)
Time: Sun Apr 19 21:18:43 2026 India Standard Time elapsed time: 6.235703 seconds (0d 0h 0m 6s)

---------------  T H R E A D  ---------------

Current thread (0x000001bdfc14c970):  JavaThread "C2 CompilerThread0" daemon [_thread_in_native, id=21332, stack(0x000000574df00000,0x000000574e000000) (1024K)]


Current CompileTask:
C2:6235 2478       4       org.eclipse.core.internal.dtree.DataTreeReader::readNode (248 bytes)

Stack: [0x000000574df00000,0x000000574e000000]
Native frames: (J=compiled Java code, j=interpreted, Vv=VM code, C=native code)
V  [jvm.dll+0x6d7a39]
V  [jvm.dll+0x8b4b26]
V  [jvm.dll+0x8b70de]
V  [jvm.dll+0x8b77c3]
V  [jvm.dll+0x284346]
V  [jvm.dll+0xc66ed]
V  [jvm.dll+0xc6c31]
V  [jvm.dll+0x2fb29e]
V  [jvm.dll+0x5fe884]
V  [jvm.dll+0x255b17]
V  [jvm.dll+0x24df54]
V  [jvm.dll+0x24ba42]
V  [jvm.dll+0x1cb34e]
V  [jvm.dll+0x25b85d]
V  [jvm.dll+0x259dea]
V  [jvm.dll+0x3f857e]
V  [jvm.dll+0x85f59d]
V  [jvm.dll+0x6d626d]
C  [ucrtbase.dll+0x37b0]
C  [KERNEL32.DLL+0x2e8d7]
C  [ntdll.dll+0x8d9c]


---------------  P R O C E S S  ---------------

Threads class SMR info:
_java_thread_list=0x000001bdfdbbe5c0, length=17, elements={
0x000001bdf24a14e0, 0x000001bdf47e8920, 0x000001bdf47ed250, 0x000001bdfc1471f0,
0x000001bdfc147d50, 0x000001bdfc1489b0, 0x000001bdfc149610, 0x000001bdfc14c970,
0x000001bdfc18b190, 0x000001bdfcf0b540, 0x000001bdfcf4f780, 0x000001bdfd1859c0,
0x000001bdfd995880, 0x000001bdfdb54440, 0x000001bdfd60d820, 0x000001bdfd95dce0,
0x000001bdfd26a940
}

Java Threads: ( => current thread )
  0x000001bdf24a14e0 JavaThread "main"                              [_thread_blocked, id=23128, stack(0x000000574d500000,0x000000574d600000) (1024K)]
  0x000001bdf47e8920 JavaThread "Reference Handler"          daemon [_thread_blocked, id=8900, stack(0x000000574d900000,0x000000574da00000) (1024K)]
  0x000001bdf47ed250 JavaThread "Finalizer"                  daemon [_thread_blocked, id=21008, stack(0x000000574da00000,0x000000574db00000) (1024K)]
  0x000001bdfc1471f0 JavaThread "Signal Dispatcher"          daemon [_thread_blocked, id=16572, stack(0x000000574db00000,0x000000574dc00000) (1024K)]
  0x000001bdfc147d50 JavaThread "Attach Listener"            daemon [_thread_blocked, id=2052, stack(0x000000574dc00000,0x000000574dd00000) (1024K)]
  0x000001bdfc1489b0 JavaThread "Service Thread"             daemon [_thread_blocked, id=18304, stack(0x000000574dd00000,0x000000574de00000) (1024K)]
  0x000001bdfc149610 JavaThread "Monitor Deflation Thread"   daemon [_thread_blocked, id=20788, stack(0x000000574de00000,0x000000574df00000) (1024K)]
=>0x000001bdfc14c970 JavaThread "C2 CompilerThread0"         daemon [_thread_in_native, id=21332, stack(0x000000574df00000,0x000000574e000000) (1024K)]
  0x000001bdfc18b190 JavaThread "C1 CompilerThread0"         daemon [_thread_blocked, id=22432, stack(0x000000574e000000,0x000000574e100000) (1024K)]
  0x000001bdfcf0b540 JavaThread "Common-Cleaner"             daemon [_thread_blocked, id=6792, stack(0x000000574e100000,0x000000574e200000) (1024K)]
  0x000001bdfcf4f780 JavaThread "Notification Thread"        daemon [_thread_blocked, id=18120, stack(0x000000574e200000,0x000000574e300000) (1024K)]
  0x000001bdfd1859c0 JavaThread "Active Thread: Equinox Container: 1cc049c8-e1d4-44ef-afbf-69f154e24733"        [_thread_blocked, id=21488, stack(0x000000574e700000,0x000000574e800000) (1024K)]
  0x000001bdfd995880 JavaThread "Framework Event Dispatcher: Equinox Container: 1cc049c8-e1d4-44ef-afbf-69f154e24733" daemon [_thread_blocked, id=21620, stack(0x000000574e800000,0x000000574e900000) (1024K)]
  0x000001bdfdb54440 JavaThread "Start Level: Equinox Container: 1cc049c8-e1d4-44ef-afbf-69f154e24733" daemon [_thread_in_vm, id=7140, stack(0x000000574e900000,0x000000574ea00000) (1024K)]
  0x000001bdfd60d820 JavaThread "SCR Component Actor"        daemon [_thread_blocked, id=22480, stack(0x000000574e600000,0x000000574e700000) (1024K)]
  0x000001bdfd95dce0 JavaThread "Worker-JM"                         [_thread_blocked, id=18592, stack(0x000000574ea00000,0x000000574eb00000) (1024K)]
  0x000001bdfd26a940 JavaThread "C2 CompilerThread1"         daemon [_thread_in_native, id=20352, stack(0x000000574eb00000,0x000000574ec00000) (1024K)]
Total: 17

Other Threads:
  0x000001bdf47cef70 VMThread "VM Thread"                           [id=19116, stack(0x000000574d800000,0x000000574d900000) (1024K)]
  0x000001bdf47bc360 WatcherThread "VM Periodic Task Thread"        [id=21748, stack(0x000000574d700000,0x000000574d800000) (1024K)]
  0x000001bdf476e950 WorkerThread "GC Thread#0"                     [id=20088, stack(0x000000574d600000,0x000000574d700000) (1024K)]
  0x000001bdfd7274b0 WorkerThread "GC Thread#1"                     [id=19668, stack(0x000000574e300000,0x000000574e400000) (1024K)]
  0x000001bdfd727860 WorkerThread "GC Thread#2"                     [id=8476, stack(0x000000574e400000,0x000000574e500000) (1024K)]
  0x000001bdfd727c10 WorkerThread "GC Thread#3"                     [id=21876, stack(0x000000574e500000,0x000000574e600000) (1024K)]
Total: 6

Threads with active compile tasks:
C2 CompilerThread0  6300 2478       4       org.eclipse.core.internal.dtree.DataTreeReader::readNode (248 bytes)
C2 CompilerThread1  6300 2482       4       org.eclipse.core.internal.resources.ResourceInfo::readFrom (49 bytes)
Total: 2

VM state: not at safepoint (normal execution)

VM Mutex/Monitor currently owned by a thread: None

Heap address: 0x0000000080000000, size: 2048 MB, Compressed Oops mode: 32-bit

CDS archive(s) mapped at: [0x000001bd8f000000-0x000001bd8fba0000-0x000001bd8fba0000), size 12189696, SharedBaseAddress: 0x000001bd8f000000, ArchiveRelocationMode: 1.
Compressed class space mapped at: 0x000001bd90000000-0x000001bdd0000000, reserved size: 1073741824
Narrow klass base: 0x000001bd8f000000, Narrow klass shift: 0, Narrow klass range: 0x100000000

GC Precious Log:
 CardTable entry size: 512
 CPUs: 4 total, 4 available
 Memory: 7971M
 Large Page Support: Disabled
 NUMA Support: Disabled
 Compressed Oops: Enabled (32-bit)
 Alignments: Space 512K, Generation 512K, Heap 2M
 Heap Min Capacity: 100M
 Heap Initial Capacity: 100M
 Heap Max Capacity: 2G
 Pre-touch: Disabled
 Parallel Workers: 4

Heap:
 PSYoungGen      total 29696K, used 23939K [0x00000000d5580000, 0x00000000d7680000, 0x0000000100000000)
  eden space 25600K, 77% used [0x00000000d5580000,0x00000000d68e4748,0x00000000d6e80000)
  from space 4096K, 99% used [0x00000000d6e80000,0x00000000d727c860,0x00000000d7280000)
  to   space 4096K, 0% used [0x00000000d7280000,0x00000000d7280000,0x00000000d7680000)
 ParOldGen       total 68608K, used 2845K [0x0000000080000000, 0x0000000084300000, 0x00000000d5580000)
  object space 68608K, 4% used [0x0000000080000000,0x00000000802c7748,0x0000000084300000)
 Metaspace       used 14133K, committed 14720K, reserved 1114112K
  class space    used 1490K, committed 1728K, reserved 1048576K

Card table byte_map: [0x000001bdf40d0000,0x000001bdf44e0000] _byte_map_base: 0x000001bdf3cd0000

Marking Bits: (ParMarkBitMap*) 0x00007ffceaf03450
 Begin Bits: [0x000001bdf7be0000, 0x000001bdf9be0000)
 End Bits:   [0x000001bdf9be0000, 0x000001bdfbbe0000)

Polling page: 0x000001bdf28f0000

Metaspace:

Usage:
  Non-class:     12.35 MB used.
      Class:      1.46 MB used.
       Both:     13.80 MB used.

Virtual space:
  Non-class space:       64.00 MB reserved,      12.69 MB ( 20%) committed,  1 nodes.
      Class space:        1.00 GB reserved,       1.69 MB ( <1%) committed,  1 nodes.
             Both:        1.06 GB reserved,      14.38 MB (  1%) committed. 

Chunk freelists:
   Non-Class:  2.48 MB
       Class:  14.32 MB
        Both:  16.80 MB

MaxMetaspaceSize: unlimited
CompressedClassSpaceSize: 1.00 GB
Initial GC threshold: 21.00 MB
Current GC threshold: 21.00 MB
CDS: on
 - commit_granule_bytes: 65536.
 - commit_granule_words: 8192.
 - virtual_space_node_default_size: 8388608.
 - enlarge_chunks_in_place: 1.
 - use_allocation_guard: 0.


Internal statistics:

num_allocs_failed_limit: 0.
num_arena_births: 416.
num_arena_deaths: 0.
num_vsnodes_births: 2.
num_vsnodes_deaths: 0.
num_space_committed: 230.
num_space_uncommitted: 0.
num_chunks_returned_to_freelist: 0.
num_chunks_taken_from_freelist: 909.
num_chunk_merges: 0.
num_chunk_splits: 576.
num_chunks_enlarged: 361.
num_inconsistent_stats: 0.

CodeHeap 'non-profiled nmethods': size=120000Kb used=1052Kb max_used=1052Kb free=118948Kb
 bounds [0x000001bd87ad0000, 0x000001bd87d40000, 0x000001bd8f000000]
CodeHeap 'profiled nmethods': size=120000Kb used=4793Kb max_used=4793Kb free=115206Kb
 bounds [0x000001bd80000000, 0x000001bd804b0000, 0x000001bd87530000]
CodeHeap 'non-nmethods': size=5760Kb used=1268Kb max_used=1297Kb free=4491Kb
 bounds [0x000001bd87530000, 0x000001bd877a0000, 0x000001bd87ad0000]
CodeCache: size=245760Kb, used=7113Kb, max_used=7142Kb, free=238645Kb
 total_blobs=3011, nmethods=2480, adapters=437, full_count=0
Compilation: enabled, stopped_count=0, restarted_count=0

Compilation events (20 events):
Event: 6.097 Thread 0x000001bdfc14c970 2467       4       org.eclipse.core.internal.resources.ResourceInfo::incrementModificationStamp (11 bytes)
Event: 6.097 Thread 0x000001bdfc14c970 nmethod 2467 0x000001bd87bd1210 code [0x000001bd87bd13a0, 0x000001bd87bd1430]
Event: 6.097 Thread 0x000001bdfc14c970 2468       4       org.eclipse.core.internal.resources.ResourceInfo::setBits (41 bytes)
Event: 6.098 Thread 0x000001bdfc14c970 nmethod 2468 0x000001bd87bd1510 code [0x000001bd87bd16a0, 0x000001bd87bd1740]
Event: 6.098 Thread 0x000001bdfd26a940 nmethod 2471 0x000001bd87bd1810 code [0x000001bd87bd1a20, 0x000001bd87bd1fd0]
Event: 6.103 Thread 0x000001bdfd26a940 2473       4       org.eclipse.core.runtime.Path::<init> (37 bytes)
Event: 6.104 Thread 0x000001bdfd26a940 nmethod 2473 0x000001bd87bd2510 code [0x000001bd87bd26a0, 0x000001bd87bd2790]
Event: 6.112 Thread 0x000001bdfc14c970 2474       4       org.eclipse.core.internal.dtree.AbstractDataTreeNode::<init> (34 bytes)
Event: 6.114 Thread 0x000001bdfc14c970 nmethod 2474 0x000001bd87bd2890 code [0x000001bd87bd2a20, 0x000001bd87bd2b08]
Event: 6.166 Thread 0x000001bdfd26a940 2475       4       java.util.Arrays::copyOf (40 bytes)
Event: 6.166 Thread 0x000001bdfc14c970 2476       4       org.eclipse.core.runtime.Path::append (147 bytes)
Event: 6.171 Thread 0x000001bdfd26a940 nmethod 2475 0x000001bd87bd2c10 code [0x000001bd87bd2dc0, 0x000001bd87bd32a0]
Event: 6.176 Thread 0x000001bdfc14c970 nmethod 2476 0x000001bd87bd3510 code [0x000001bd87bd3700, 0x000001bd87bd3f88]
Event: 6.181 Thread 0x000001bdfd26a940 2477       4       org.eclipse.core.internal.resources.SaveManager::readElement (46 bytes)
Event: 6.181 Thread 0x000001bdfc14c970 2478       4       org.eclipse.core.internal.dtree.DataTreeReader::readNode (248 bytes)
Event: 6.203 Thread 0x000001bdfd26a940 nmethod 2477 0x000001bd87bd4410 code [0x000001bd87bd46e0, 0x000001bd87bd5330]
Event: 6.204 Thread 0x000001bdfd26a940 2479       4       org.eclipse.core.internal.resources.Workspace::newElement (98 bytes)
Event: 6.206 Thread 0x000001bdfd26a940 nmethod 2479 0x000001bd87bd6410 code [0x000001bd87bd65a0, 0x000001bd87bd6788]
Event: 6.217 Thread 0x000001bdfd26a940 2480       4       java.io.DataInputStream::readUTF (5 bytes)
Event: 6.218 Thread 0x000001bdfd26a940 nmethod 2480 0x000001bd87bd6910 code [0x000001bd87bd6aa0, 0x000001bd87bd6b50]

GC Heap History (6 events):
Event: 2.285 GC heap before
{Heap before GC invocations=1 (full 0):
 PSYoungGen      total 29696K, used 25600K [0x00000000d5580000, 0x00000000d7680000, 0x0000000100000000)
  eden space 25600K, 100% used [0x00000000d5580000,0x00000000d6e80000,0x00000000d6e80000)
  from space 4096K, 0% used [0x00000000d7280000,0x00000000d7280000,0x00000000d7680000)
  to   space 4096K, 0% used [0x00000000d6e80000,0x00000000d6e80000,0x00000000d7280000)
 ParOldGen       total 68608K, used 0K [0x0000000080000000, 0x0000000084300000, 0x00000000d5580000)
  object space 68608K, 0% used [0x0000000080000000,0x0000000080000000,0x0000000084300000)
 Metaspace       used 4393K, committed 4608K, reserved 1114112K
  class space    used 475K, committed 576K, reserved 1048576K
}
Event: 2.306 GC heap after
{Heap after GC invocations=1 (full 0):
 PSYoungGen      total 29696K, used 3280K [0x00000000d5580000, 0x00000000d7680000, 0x0000000100000000)
  eden space 25600K, 0% used [0x00000000d5580000,0x00000000d5580000,0x00000000d6e80000)
  from space 4096K, 80% used [0x00000000d6e80000,0x00000000d71b4148,0x00000000d7280000)
  to   space 4096K, 0% used [0x00000000d7280000,0x00000000d7280000,0x00000000d7680000)
 ParOldGen       total 68608K, used 0K [0x0000000080000000, 0x0000000084300000, 0x00000000d5580000)
  object space 68608K, 0% used [0x0000000080000000,0x0000000080000000,0x0000000084300000)
 Metaspace       used 4393K, committed 4608K, reserved 1114112K
  class space    used 475K, committed 576K, reserved 1048576K
}
Event: 4.405 GC heap before
{Heap before GC invocations=2 (full 0):
 PSYoungGen      total 29696K, used 28880K [0x00000000d5580000, 0x00000000d7680000, 0x0000000100000000)
  eden space 25600K, 100% used [0x00000000d5580000,0x00000000d6e80000,0x00000000d6e80000)
  from space 4096K, 80% used [0x00000000d6e80000,0x00000000d71b4148,0x00000000d7280000)
  to   space 4096K, 0% used [0x00000000d7280000,0x00000000d7280000,0x00000000d7680000)
 ParOldGen       total 68608K, used 0K [0x0000000080000000, 0x0000000084300000, 0x00000000d5580000)
  object space 68608K, 0% used [0x0000000080000000,0x0000000080000000,0x0000000084300000)
 Metaspace       used 8215K, committed 8512K, reserved 1114112K
  class space    used 870K, committed 1024K, reserved 1048576K
}
Event: 4.414 GC heap after
{Heap after GC invocations=2 (full 0):
 PSYoungGen      total 29696K, used 4086K [0x00000000d5580000, 0x00000000d7680000, 0x0000000100000000)
  eden space 25600K, 0% used [0x00000000d5580000,0x00000000d5580000,0x00000000d6e80000)
  from space 4096K, 99% used [0x00000000d7280000,0x00000000d767d810,0x00000000d7680000)
  to   space 4096K, 0% used [0x00000000d6e80000,0x00000000d6e80000,0x00000000d7280000)
 ParOldGen       total 68608K, used 1147K [0x0000000080000000, 0x0000000084300000, 0x00000000d5580000)
  object space 68608K, 1% used [0x0000000080000000,0x000000008011eec8,0x0000000084300000)
 Metaspace       used 8215K, committed 8512K, reserved 1114112K
  class space    used 870K, committed 1024K, reserved 1048576K
}
Event: 5.743 GC heap before
{Heap before GC invocations=3 (full 0):
 PSYoungGen      total 29696K, used 29686K [0x00000000d5580000, 0x00000000d7680000, 0x0000000100000000)
  eden space 25600K, 100% used [0x00000000d5580000,0x00000000d6e80000,0x00000000d6e80000)
  from space 4096K, 99% used [0x00000000d7280000,0x00000000d767d810,0x00000000d7680000)
  to   space 4096K, 0% used [0x00000000d6e80000,0x00000000d6e80000,0x00000000d7280000)
 ParOldGen       total 68608K, used 1147K [0x0000000080000000, 0x0000000084300000, 0x00000000d5580000)
  object space 68608K, 1% used [0x0000000080000000,0x000000008011eec8,0x0000000084300000)
 Metaspace       used 13100K, committed 13632K, reserved 1114112K
  class space    used 1384K, committed 1600K, reserved 1048576K
}
Event: 5.753 GC heap after
{Heap after GC invocations=3 (full 0):
 PSYoungGen      total 29696K, used 4082K [0x00000000d5580000, 0x00000000d7680000, 0x0000000100000000)
  eden space 25600K, 0% used [0x00000000d5580000,0x00000000d5580000,0x00000000d6e80000)
  from space 4096K, 99% used [0x00000000d6e80000,0x00000000d727c860,0x00000000d7280000)
  to   space 4096K, 0% used [0x00000000d7280000,0x00000000d7280000,0x00000000d7680000)
 ParOldGen       total 68608K, used 2845K [0x0000000080000000, 0x0000000084300000, 0x00000000d5580000)
  object space 68608K, 4% used [0x0000000080000000,0x00000000802c7748,0x0000000084300000)
 Metaspace       used 13100K, committed 13632K, reserved 1114112K
  class space    used 1384K, committed 1600K, reserved 1048576K
}

Dll operation events (9 events):
Event: 0.033 Loaded shared library c:\Users\bosev\.vscode\extensions\redhat.java-1.54.0-win32-x64\jre\21.0.10-win32-x86_64\bin\java.dll
Event: 0.173 Loaded shared library c:\Users\bosev\.vscode\extensions\redhat.java-1.54.0-win32-x64\jre\21.0.10-win32-x86_64\bin\zip.dll
Event: 0.227 Loaded shared library C:\Users\bosev\.vscode\extensions\redhat.java-1.54.0-win32-x64\jre\21.0.10-win32-x86_64\bin\instrument.dll
Event: 0.238 Loaded shared library C:\Users\bosev\.vscode\extensions\redhat.java-1.54.0-win32-x64\jre\21.0.10-win32-x86_64\bin\net.dll
Event: 0.248 Loaded shared library C:\Users\bosev\.vscode\extensions\redhat.java-1.54.0-win32-x64\jre\21.0.10-win32-x86_64\bin\nio.dll
Event: 0.258 Loaded shared library C:\Users\bosev\.vscode\extensions\redhat.java-1.54.0-win32-x64\jre\21.0.10-win32-x86_64\bin\zip.dll
Event: 0.304 Loaded shared library C:\Users\bosev\.vscode\extensions\redhat.java-1.54.0-win32-x64\jre\21.0.10-win32-x86_64\bin\jimage.dll
Event: 0.474 Loaded shared library c:\Users\bosev\.vscode\extensions\redhat.java-1.54.0-win32-x64\jre\21.0.10-win32-x86_64\bin\verify.dll
Event: 4.341 Loaded shared library C:\Users\bosev\AppData\Roaming\Code\User\globalStorage\redhat.java\1.54.0\config_ss_win\org.eclipse.equinox.launcher\org.eclipse.equinox.launcher.win32.win32.x86_64_1.3.0.v20260203-2149\eclipse_11919.dll

Deoptimization events (20 events):
Event: 5.028 Thread 0x000001bdfdb54440 Uncommon trap: trap_request=0xffffffc6 fr.pc=0x000001bd87ba399c relative=0x000000000000139c
Event: 5.028 Thread 0x000001bdfdb54440 Uncommon trap: reason=bimorphic_or_optimized_type_check action=maybe_recompile pc=0x000001bd87ba399c method=java.io.DataInputStream.readFully([BII)V @ 30 c2
Event: 5.028 Thread 0x000001bdfdb54440 DEOPT PACKING pc=0x000001bd87ba399c sp=0x000000574e9fb790
Event: 5.028 Thread 0x000001bdfdb54440 DEOPT UNPACKING pc=0x000001bd87586da2 sp=0x000000574e9fb788 mode 2
Event: 5.028 Thread 0x000001bdfdb54440 Uncommon trap: trap_request=0xffffffc6 fr.pc=0x000001bd87ba399c relative=0x000000000000139c
Event: 5.028 Thread 0x000001bdfdb54440 Uncommon trap: reason=bimorphic_or_optimized_type_check action=maybe_recompile pc=0x000001bd87ba399c method=java.io.DataInputStream.readFully([BII)V @ 30 c2
Event: 5.028 Thread 0x000001bdfdb54440 DEOPT PACKING pc=0x000001bd87ba399c sp=0x000000574e9fb790
Event: 5.028 Thread 0x000001bdfdb54440 DEOPT UNPACKING pc=0x000001bd87586da2 sp=0x000000574e9fb788 mode 2
Event: 5.028 Thread 0x000001bdfdb54440 Uncommon trap: trap_request=0xffffffc6 fr.pc=0x000001bd87ba399c relative=0x000000000000139c
Event: 5.028 Thread 0x000001bdfdb54440 Uncommon trap: reason=bimorphic_or_optimized_type_check action=maybe_recompile pc=0x000001bd87ba399c method=java.io.DataInputStream.readFully([BII)V @ 30 c2
Event: 5.028 Thread 0x000001bdfdb54440 DEOPT PACKING pc=0x000001bd87ba399c sp=0x000000574e9fb790
Event: 5.028 Thread 0x000001bdfdb54440 DEOPT UNPACKING pc=0x000001bd87586da2 sp=0x000000574e9fb788 mode 2
Event: 5.921 Thread 0x000001bdfdb54440 Uncommon trap: trap_request=0xffffff45 fr.pc=0x000001bd87b0e674 relative=0x0000000000000054
Event: 5.921 Thread 0x000001bdfdb54440 Uncommon trap: reason=unstable_if action=reinterpret pc=0x000001bd87b0e674 method=java.lang.CharacterData.of(I)Ljava/lang/CharacterData; @ 4 c2
Event: 5.921 Thread 0x000001bdfdb54440 DEOPT PACKING pc=0x000001bd87b0e674 sp=0x000000574e9f8f20
Event: 5.921 Thread 0x000001bdfdb54440 DEOPT UNPACKING pc=0x000001bd87586da2 sp=0x000000574e9f8eb8 mode 2
Event: 5.970 Thread 0x000001bdfdb54440 Uncommon trap: trap_request=0xffffff45 fr.pc=0x000001bd87b6cc9c relative=0x000000000000007c
Event: 5.970 Thread 0x000001bdfdb54440 Uncommon trap: reason=unstable_if action=reinterpret pc=0x000001bd87b6cc9c method=org.eclipse.osgi.container.ModuleRevisionBuilder.unmodifiableMap(Ljava/util/Map;)Ljava/util/Map; @ 27 c2
Event: 5.970 Thread 0x000001bdfdb54440 DEOPT PACKING pc=0x000001bd87b6cc9c sp=0x000000574e9f99c0
Event: 5.970 Thread 0x000001bdfdb54440 DEOPT UNPACKING pc=0x000001bd87586da2 sp=0x000000574e9f9940 mode 2

Classes loaded (20 events):
Event: 5.936 Loading class java/text/FieldPosition$Delegate
Event: 5.936 Loading class java/text/FieldPosition$Delegate done
Event: 5.938 Loading class java/text/MessageFormat$Field
Event: 5.939 Loading class java/text/MessageFormat$Field done
Event: 5.971 Loading class java/util/stream/SortedOps
Event: 5.972 Loading class java/util/stream/SortedOps done
Event: 5.972 Loading class java/util/stream/SortedOps$OfRef
Event: 5.972 Loading class java/util/stream/ReferencePipeline$StatefulOp
Event: 5.973 Loading class java/util/stream/ReferencePipeline$StatefulOp done
Event: 5.973 Loading class java/util/stream/SortedOps$OfRef done
Event: 5.973 Loading class java/util/stream/SortedOps$RefSortingSink
Event: 5.973 Loading class java/util/stream/SortedOps$AbstractRefSortingSink
Event: 5.973 Loading class java/util/stream/SortedOps$AbstractRefSortingSink done
Event: 5.973 Loading class java/util/stream/SortedOps$RefSortingSink done
Event: 6.012 Loading class java/util/zip/ZipOutputStream
Event: 6.013 Loading class java/util/zip/DeflaterOutputStream
Event: 6.013 Loading class java/util/zip/DeflaterOutputStream done
Event: 6.013 Loading class java/util/zip/ZipOutputStream done
Event: 6.014 Loading class java/util/concurrent/ExecutionException
Event: 6.014 Loading class java/util/concurrent/ExecutionException done

Classes unloaded (0 events):
No events

Classes redefined (0 events):
No events

Internal exceptions (20 events):
Event: 3.734 Thread 0x000001bdf24a14e0 Exception <a 'java/lang/IncompatibleClassChangeError'{0x00000000d6447838}: Found class java.lang.Object, but interface was expected> (0x00000000d6447838) 
thrown [s\src\hotspot\share\interpreter\linkResolver.cpp, line 840]
Event: 3.736 Thread 0x000001bdf24a14e0 Exception <a 'java/lang/NoSuchMethodError'{0x00000000d644dde8}: 'void java.lang.invoke.DirectMethodHandle$Holder.invokeStaticInit(java.lang.Object, java.lang.Object)'> (0x00000000d644dde8) 
thrown [s\src\hotspot\share\interpreter\linkResolver.cpp, line 773]
Event: 3.737 Thread 0x000001bdf24a14e0 Exception <a 'java/lang/NoSuchMethodError'{0x00000000d6457020}: 'int java.lang.invoke.DirectMethodHandle$Holder.invokeStaticInit(java.lang.Object, java.lang.Object)'> (0x00000000d6457020) 
thrown [s\src\hotspot\share\interpreter\linkResolver.cpp, line 773]
Event: 3.814 Thread 0x000001bdf24a14e0 Exception <a 'java/lang/NoSuchMethodError'{0x00000000d669cbb8}: 'java.lang.Object java.lang.invoke.DirectMethodHandle$Holder.newInvokeSpecial(java.lang.Object, int, java.lang.Object)'> (0x00000000d669cbb8) 
thrown [s\src\hotspot\share\interpreter\linkResolver.cpp, line 773]
Event: 3.898 Thread 0x000001bdf24a14e0 Exception <a 'java/lang/ClassNotFoundException'{0x00000000d68b48a8}: sun/net/www/protocol/plurl/Handler> (0x00000000d68b48a8) 
thrown [s\src\hotspot\share\classfile\systemDictionary.cpp, line 312]
Event: 3.898 Thread 0x000001bdf24a14e0 Exception <a 'java/lang/ClassNotFoundException'{0x00000000d68b5728}: sun/net/www/protocol/plurl/Handler> (0x00000000d68b5728) 
thrown [s\src\hotspot\share\classfile\systemDictionary.cpp, line 312]
Event: 4.316 Thread 0x000001bdf24a14e0 Exception <a 'java/lang/UnsatisfiedLinkError'{0x00000000d6d06838}: 'void org.eclipse.equinox.launcher.JNIBridge._update_splash()'> (0x00000000d6d06838) 
thrown [s\src\hotspot\share\prims\nativeLookup.cpp, line 415]
Event: 4.552 Thread 0x000001bdfdb54440 Exception <a 'java/lang/NullPointerException'{0x00000000d57f90c8}> (0x00000000d57f90c8) 
thrown [s\src\hotspot\share\interpreter\linkResolver.cpp, line 1372]
Event: 4.552 Thread 0x000001bdfdb54440 Exception <a 'java/lang/NullPointerException'{0x00000000d57f93a8}> (0x00000000d57f93a8) 
thrown [s\src\hotspot\share\interpreter\linkResolver.cpp, line 1372]
Event: 4.900 Thread 0x000001bdfdb54440 Exception <a 'java/lang/NoSuchMethodError'{0x00000000d60f1d38}: 'long java.lang.invoke.DirectMethodHandle$Holder.invokeSpecial(java.lang.Object, java.lang.Object)'> (0x00000000d60f1d38) 
thrown [s\src\hotspot\share\interpreter\linkResolver.cpp, line 773]
Event: 4.989 Thread 0x000001bdfdb54440 Exception <a 'java/io/FileNotFoundException'{0x00000000d62bd770}> (0x00000000d62bd770) 
thrown [s\src\hotspot\share\prims\jni.cpp, line 520]
Event: 5.234 Thread 0x000001bdfdb54440 Exception <a 'java/lang/NoSuchMethodError'{0x00000000d65d9d90}: 'java.lang.Object java.lang.invoke.Invokers$Holder.linkToTargetMethod(java.lang.Object, long, java.lang.Object)'> (0x00000000d65d9d90) 
thrown [s\src\hotspot\share\interpreter\linkResolver.cpp, line 773]
Event: 5.345 Thread 0x000001bdfdb54440 Exception <a 'java/lang/NoSuchMethodError'{0x00000000d69629a0}: 'void java.lang.invoke.DirectMethodHandle$Holder.invokeInterface(java.lang.Object, java.lang.Object, java.lang.Object)'> (0x00000000d69629a0) 
thrown [s\src\hotspot\share\interpreter\linkResolver.cpp, line 773]
Event: 5.457 Thread 0x000001bdfdb54440 Exception <a 'java/lang/NoSuchMethodError'{0x00000000d6b75320}: 'void java.lang.invoke.Invokers$Holder.invokeExact_MT(java.lang.Object, java.lang.Object, java.lang.Object)'> (0x00000000d6b75320) 
thrown [s\src\hotspot\share\interpreter\linkResolver.cpp, line 773]
Event: 5.721 Thread 0x000001bdfdb54440 Exception <a 'java/lang/NoSuchMethodError'{0x00000000d6e434d8}: 'java.lang.Object java.lang.invoke.DirectMethodHandle$Holder.invokeVirtual(java.lang.Object, java.lang.Object, java.lang.Object)'> (0x00000000d6e434d8) 
thrown [s\src\hotspot\share\interpreter\linkResolver.cpp, line 773]
Event: 5.737 Thread 0x000001bdfdb54440 Exception <a 'java/lang/NoSuchMethodError'{0x00000000d6e5b1b0}: 'java.lang.Object java.lang.invoke.DelegatingMethodHandle$Holder.reinvoke_L(java.lang.Object, java.lang.Object, java.lang.Object, java.lang.Object, int, int)'> (0x00000000d6e5b1b0) 
thrown [s\src\hotspot\share\interpreter\linkResolver.cpp, line 773]
Event: 5.741 Thread 0x000001bdfdb54440 Exception <a 'java/lang/NoSuchMethodError'{0x00000000d6e774d0}: 'java.lang.Object java.lang.invoke.DirectMethodHandle$Holder.newInvokeSpecial(java.lang.Object, java.lang.Object, java.lang.Object, java.lang.Object, java.lang.Object, java.lang.Object)'> (0x00000000d6e774d0) 
thrown [s\src\hotspot\share\interpreter\linkResolver.cpp, line 773]
Event: 5.757 Thread 0x000001bdfdb54440 Exception <a 'java/lang/NoSuchMethodError'{0x00000000d55a3538}: 'void java.lang.invoke.Invokers$Holder.invokeExact_MT(java.lang.Object, java.lang.Object, java.lang.Object, java.lang.Object)'> (0x00000000d55a3538) 
thrown [s\src\hotspot\share\interpreter\linkResolver.cpp, line 773]
Event: 5.947 Thread 0x000001bdfdb54440 Exception <a 'java/io/FileNotFoundException'{0x00000000d5a1a658}> (0x00000000d5a1a658) 
thrown [s\src\hotspot\share\prims\jni.cpp, line 520]
Event: 5.948 Thread 0x000001bdfdb54440 Exception <a 'java/io/FileNotFoundException'{0x00000000d5a2d328}> (0x00000000d5a2d328) 
thrown [s\src\hotspot\share\prims\jni.cpp, line 520]

ZGC Phase Switch (0 events):
No events

VM Operations (20 events):
Event: 3.798 Executing non-safepoint VM operation: HandshakeAllThreads (Deoptimize)
Event: 3.798 Executing non-safepoint VM operation: HandshakeAllThreads (Deoptimize) done
Event: 3.874 Executing non-safepoint VM operation: HandshakeAllThreads (Deoptimize)
Event: 3.874 Executing non-safepoint VM operation: HandshakeAllThreads (Deoptimize) done
Event: 3.893 Executing non-safepoint VM operation: HandshakeAllThreads (Deoptimize)
Event: 3.893 Executing non-safepoint VM operation: HandshakeAllThreads (Deoptimize) done
Event: 4.404 Executing safepoint VM operation: ParallelGCFailedAllocation (Allocation Failure)
Event: 4.414 Executing safepoint VM operation: ParallelGCFailedAllocation (Allocation Failure) done
Event: 4.754 Executing non-safepoint VM operation: HandshakeAllThreads (Deoptimize)
Event: 4.754 Executing non-safepoint VM operation: HandshakeAllThreads (Deoptimize) done
Event: 5.299 Executing non-safepoint VM operation: HandshakeAllThreads (Deoptimize)
Event: 5.299 Executing non-safepoint VM operation: HandshakeAllThreads (Deoptimize) done
Event: 5.743 Executing safepoint VM operation: ParallelGCFailedAllocation (Allocation Failure)
Event: 5.753 Executing safepoint VM operation: ParallelGCFailedAllocation (Allocation Failure) done
Event: 5.885 Executing non-safepoint VM operation: HandshakeAllThreads (Deoptimize)
Event: 5.885 Executing non-safepoint VM operation: HandshakeAllThreads (Deoptimize) done
Event: 5.893 Executing non-safepoint VM operation: HandshakeAllThreads (Deoptimize)
Event: 5.893 Executing non-safepoint VM operation: HandshakeAllThreads (Deoptimize) done
Event: 5.923 Executing non-safepoint VM operation: HandshakeAllThreads (Deoptimize)
Event: 5.923 Executing non-safepoint VM operation: HandshakeAllThreads (Deoptimize) done

Memory protections (0 events):
No events

Nmethod flushes (0 events):
No events

Events (20 events):
Event: 0.098 Thread 0x000001bdf24a14e0 Thread added: 0x000001bdfc1489b0
Event: 0.098 Thread 0x000001bdf24a14e0 Thread added: 0x000001bdfc149610
Event: 0.098 Thread 0x000001bdf24a14e0 Thread added: 0x000001bdfc14c970
Event: 0.100 Thread 0x000001bdf24a14e0 Thread added: 0x000001bdfc18b190
Event: 0.231 Thread 0x000001bdf24a14e0 Thread added: 0x000001bdfcf0b540
Event: 0.872 Thread 0x000001bdf24a14e0 Thread added: 0x000001bdfcf4f780
Event: 0.876 Thread 0x000001bdfc18b190 Thread added: 0x000001bdfcf4fdf0
Event: 1.240 Thread 0x000001bdfcf4fdf0 Thread exited: 0x000001bdfcf4fdf0
Event: 2.720 Thread 0x000001bdfc18b190 Thread added: 0x000001bdfd2cc200
Event: 3.223 Thread 0x000001bdfd2cc200 Thread exited: 0x000001bdfd2cc200
Event: 3.314 Thread 0x000001bdfc18b190 Thread added: 0x000001bdfd2cc200
Event: 3.754 Thread 0x000001bdf24a14e0 Thread added: 0x000001bdfd1859c0
Event: 4.300 Thread 0x000001bdf24a14e0 Thread added: 0x000001bdfd995880
Event: 4.314 Thread 0x000001bdf24a14e0 Thread added: 0x000001bdfdb54440
Event: 4.659 Thread 0x000001bdfd2cc200 Thread exited: 0x000001bdfd2cc200
Event: 4.733 Thread 0x000001bdfdb54440 Thread added: 0x000001bdfd60d820
Event: 4.916 Thread 0x000001bdfc18b190 Thread added: 0x000001bdfd81c6f0
Event: 5.221 Thread 0x000001bdfd81c6f0 Thread exited: 0x000001bdfd81c6f0
Event: 5.370 Thread 0x000001bdfdb54440 Thread added: 0x000001bdfd95dce0
Event: 6.082 Thread 0x000001bdfc14c970 Thread added: 0x000001bdfd26a940


Dynamic libraries:
0x00007ff72c4c0000 - 0x00007ff72c4ce000 	c:\Users\bosev\.vscode\extensions\redhat.java-1.54.0-win32-x64\jre\21.0.10-win32-x86_64\bin\java.exe
0x00007ffd9e1a0000 - 0x00007ffd9e409000 	C:\WINDOWS\SYSTEM32\ntdll.dll
0x00007ffd9d660000 - 0x00007ffd9d729000 	C:\WINDOWS\System32\KERNEL32.DLL
0x00007ffd9b330000 - 0x00007ffd9b723000 	C:\WINDOWS\System32\KERNELBASE.dll
0x00007ffd9bd90000 - 0x00007ffd9bedb000 	C:\WINDOWS\System32\ucrtbase.dll
0x00007ffd95e90000 - 0x00007ffd95ea8000 	c:\Users\bosev\.vscode\extensions\redhat.java-1.54.0-win32-x64\jre\21.0.10-win32-x86_64\bin\jli.dll
0x00007ffd9c350000 - 0x00007ffd9c514000 	C:\WINDOWS\System32\USER32.dll
0x00007ffd9bb90000 - 0x00007ffd9bbb7000 	C:\WINDOWS\System32\win32u.dll
0x00007ffd9d460000 - 0x00007ffd9d48b000 	C:\WINDOWS\System32\GDI32.dll
0x00007ffd9bc60000 - 0x00007ffd9bd8d000 	C:\WINDOWS\System32\gdi32full.dll
0x00007ffd9b730000 - 0x00007ffd9b7d3000 	C:\WINDOWS\System32\msvcp_win.dll
0x00007ffd8d4f0000 - 0x00007ffd8d50e000 	c:\Users\bosev\.vscode\extensions\redhat.java-1.54.0-win32-x64\jre\21.0.10-win32-x86_64\bin\VCRUNTIME140.dll
0x00007ffd884b0000 - 0x00007ffd88743000 	C:\WINDOWS\WinSxS\amd64_microsoft.windows.common-controls_6595b64144ccf1df_6.0.26100.5074_none_3e0d6f78e32fd63f\COMCTL32.dll
0x00007ffd9d2f0000 - 0x00007ffd9d399000 	C:\WINDOWS\System32\msvcrt.dll
0x00007ffd9d2b0000 - 0x00007ffd9d2df000 	C:\WINDOWS\System32\IMM32.DLL
0x0000000072980000 - 0x000000007298c000 	C:\Program Files (x86)\360\Total Security\safemon\SafeWrapper.dll
0x00007ffd9de40000 - 0x00007ffd9def4000 	C:\WINDOWS\System32\ADVAPI32.dll
0x00007ffd9c520000 - 0x00007ffd9c5c6000 	C:\WINDOWS\System32\sechost.dll
0x00007ffd9dcf0000 - 0x00007ffd9de08000 	C:\WINDOWS\System32\RPCRT4.dll
0x00007ffd59800000 - 0x00007ffd598ac000 	C:\Program Files (x86)\360\Total Security\safemon\libzdtp64.dll
0x00007ffd9cae0000 - 0x00007ffd9d22d000 	C:\WINDOWS\System32\SHELL32.dll
0x00007ffd9b8a0000 - 0x00007ffd9ba0c000 	C:\WINDOWS\System32\wintypes.dll
0x00007ffd9d970000 - 0x00007ffd9dceb000 	C:\WINDOWS\System32\combase.dll
0x00007ffd9d730000 - 0x00007ffd9d792000 	C:\WINDOWS\System32\SHLWAPI.dll
0x00007ffd9ae30000 - 0x00007ffd9ae3b000 	C:\WINDOWS\SYSTEM32\VERSION.dll
0x00007ffd95d90000 - 0x00007ffd95d9c000 	c:\Users\bosev\.vscode\extensions\redhat.java-1.54.0-win32-x64\jre\21.0.10-win32-x86_64\bin\vcruntime140_1.dll
0x00007ffd45a80000 - 0x00007ffd45b0d000 	c:\Users\bosev\.vscode\extensions\redhat.java-1.54.0-win32-x64\jre\21.0.10-win32-x86_64\bin\msvcp140.dll
0x00007ffcea240000 - 0x00007ffceafe1000 	c:\Users\bosev\.vscode\extensions\redhat.java-1.54.0-win32-x64\jre\21.0.10-win32-x86_64\bin\server\jvm.dll
0x00007ffd9df00000 - 0x00007ffd9df74000 	C:\WINDOWS\System32\WS2_32.dll
0x00007ffd9b190000 - 0x00007ffd9b1ee000 	C:\WINDOWS\SYSTEM32\POWRPROF.dll
0x00007ffd937a0000 - 0x00007ffd937d5000 	C:\WINDOWS\SYSTEM32\WINMM.dll
0x00007ffd9b170000 - 0x00007ffd9b184000 	C:\WINDOWS\SYSTEM32\UMPDC.dll
0x00007ffd9a0a0000 - 0x00007ffd9a0bb000 	C:\WINDOWS\SYSTEM32\kernel.appcore.dll
0x00007ffd7e120000 - 0x00007ffd7e12a000 	c:\Users\bosev\.vscode\extensions\redhat.java-1.54.0-win32-x64\jre\21.0.10-win32-x86_64\bin\jimage.dll
0x00007ffd98990000 - 0x00007ffd98bd2000 	C:\WINDOWS\SYSTEM32\DBGHELP.DLL
0x00007ffd9df80000 - 0x00007ffd9e057000 	C:\WINDOWS\System32\OLEAUT32.dll
0x00007ffd7e0e0000 - 0x00007ffd7e11d000 	C:\WINDOWS\SYSTEM32\dbgcore.DLL
0x00007ffd9bbc0000 - 0x00007ffd9bc59000 	C:\WINDOWS\System32\bcryptPrimitives.dll
0x00007ffd78c20000 - 0x00007ffd78c2f000 	c:\Users\bosev\.vscode\extensions\redhat.java-1.54.0-win32-x64\jre\21.0.10-win32-x86_64\bin\instrument.dll
0x00007ffd70900000 - 0x00007ffd70920000 	c:\Users\bosev\.vscode\extensions\redhat.java-1.54.0-win32-x64\jre\21.0.10-win32-x86_64\bin\java.dll
0x00007ffd98f20000 - 0x00007ffd99779000 	C:\WINDOWS\SYSTEM32\windows.storage.dll
0x00007ffd9e060000 - 0x00007ffd9e150000 	C:\WINDOWS\System32\SHCORE.dll
0x00007ffd9b250000 - 0x00007ffd9b279000 	C:\WINDOWS\SYSTEM32\profapi.dll
0x00007ffd65a00000 - 0x00007ffd65a18000 	c:\Users\bosev\.vscode\extensions\redhat.java-1.54.0-win32-x64\jre\21.0.10-win32-x86_64\bin\zip.dll
0x00007ffd78b60000 - 0x00007ffd78b70000 	C:\Users\bosev\.vscode\extensions\redhat.java-1.54.0-win32-x64\jre\21.0.10-win32-x86_64\bin\net.dll
0x00007ffd8cf10000 - 0x00007ffd8d02f000 	C:\WINDOWS\SYSTEM32\WINHTTP.dll
0x00007ffd9a620000 - 0x00007ffd9a68b000 	C:\WINDOWS\system32\mswsock.dll
0x00007ffd62f80000 - 0x00007ffd62f96000 	C:\Users\bosev\.vscode\extensions\redhat.java-1.54.0-win32-x64\jre\21.0.10-win32-x86_64\bin\nio.dll
0x00007ffd787b0000 - 0x00007ffd787c0000 	c:\Users\bosev\.vscode\extensions\redhat.java-1.54.0-win32-x64\jre\21.0.10-win32-x86_64\bin\verify.dll
0x00007ffd56a90000 - 0x00007ffd56ad5000 	C:\Users\bosev\AppData\Roaming\Code\User\globalStorage\redhat.java\1.54.0\config_ss_win\org.eclipse.equinox.launcher\org.eclipse.equinox.launcher.win32.win32.x86_64_1.3.0.v20260203-2149\eclipse_11919.dll
0x00007ffd9d4c0000 - 0x00007ffd9d658000 	C:\WINDOWS\System32\ole32.dll

JVMTI agents:
c:\Users\bosev\.vscode\extensions\redhat.java-1.54.0-win32-x64\lombok\lombok-1.18.39-4050.jar path:c:\Users\bosev\.vscode\extensions\redhat.java-1.54.0-win32-x64\jre\21.0.10-win32-x86_64\bin\instrument.dll, loaded, initialized, instrumentlib options:none

dbghelp: loaded successfully - version: 4.0.5 - missing functions: none
symbol engine: initialized successfully - sym options: 0x614 - pdb path: .;c:\Users\bosev\.vscode\extensions\redhat.java-1.54.0-win32-x64\jre\21.0.10-win32-x86_64\bin;C:\WINDOWS\SYSTEM32;C:\WINDOWS\WinSxS\amd64_microsoft.windows.common-controls_6595b64144ccf1df_6.0.26100.5074_none_3e0d6f78e32fd63f;C:\Program Files (x86)\360\Total Security\safemon;c:\Users\bosev\.vscode\extensions\redhat.java-1.54.0-win32-x64\jre\21.0.10-win32-x86_64\bin\server;C:\Users\bosev\AppData\Roaming\Code\User\globalStorage\redhat.java\1.54.0\config_ss_win\org.eclipse.equinox.launcher\org.eclipse.equinox.launcher.win32.win32.x86_64_1.3.0.v20260203-2149

VM Arguments:
jvm_args: --add-modules=ALL-SYSTEM --add-opens=java.base/java.util=ALL-UNNAMED --add-opens=java.base/java.lang=ALL-UNNAMED --add-opens=java.base/sun.nio.fs=ALL-UNNAMED -Declipse.application=org.eclipse.jdt.ls.core.id1 -Dosgi.bundles.defaultStartLevel=4 -Declipse.product=org.eclipse.jdt.ls.core.product -Djava.import.generatesMetadataFilesAtProjectRoot=false -DDetectVMInstallationsJob.disabled=true -Dfile.encoding=utf8 -XX:+UseParallelGC -XX:GCTimeRatio=4 -XX:AdaptiveSizePolicyWeight=90 -Dsun.zip.disableMemoryMapping=true -Xmx2G -Xms100m -Xlog:disable -javaagent:c:\Users\bosev\.vscode\extensions\redhat.java-1.54.0-win32-x64\lombok\lombok-1.18.39-4050.jar 
java_command: c:\Users\bosev\.vscode\extensions\redhat.java-1.54.0-win32-x64\server\plugins\org.eclipse.equinox.launcher_1.7.100.v20251111-0406.jar -configuration c:\Users\bosev\AppData\Roaming\Code\User\globalStorage\redhat.java\1.54.0\config_ss_win -data c:\Users\bosev\AppData\Roaming\Code\User\workspaceStorage\ea26cfe8232955ef6dd0045945a9475c\redhat.java\ss_ws --pipe=\\.\pipe\lsp-aaee874924e5fdc5a1aa876ee6d60231-sock
java_class_path (initial): c:\Users\bosev\.vscode\extensions\redhat.java-1.54.0-win32-x64\server\plugins\org.eclipse.equinox.launcher_1.7.100.v20251111-0406.jar
Launcher Type: SUN_STANDARD

[Global flags]
    uintx AdaptiveSizePolicyWeight                 = 90                                        {product} {command line}
     intx CICompilerCount                          = 3                                         {product} {ergonomic}
    uintx GCTimeRatio                              = 4                                         {product} {command line}
   size_t InitialHeapSize                          = 104857600                                 {product} {command line}
   size_t MaxHeapSize                              = 2147483648                                {product} {command line}
   size_t MaxNewSize                               = 715653120                                 {product} {ergonomic}
   size_t MinHeapDeltaBytes                        = 524288                                    {product} {ergonomic}
   size_t MinHeapSize                              = 104857600                                 {product} {command line}
   size_t NewSize                                  = 34603008                                  {product} {ergonomic}
    uintx NonNMethodCodeHeapSize                   = 5832780                                {pd product} {ergonomic}
    uintx NonProfiledCodeHeapSize                  = 122912730                              {pd product} {ergonomic}
   size_t OldSize                                  = 70254592                                  {product} {ergonomic}
    uintx ProfiledCodeHeapSize                     = 122912730                              {pd product} {ergonomic}
    uintx ReservedCodeCacheSize                    = 251658240                              {pd product} {ergonomic}
     bool SegmentedCodeCache                       = true                                      {product} {ergonomic}
   size_t SoftMaxHeapSize                          = 2147483648                             {manageable} {ergonomic}
     bool UseCompressedOops                        = true                           {product lp64_product} {ergonomic}
     bool UseLargePagesIndividualAllocation        = false                                  {pd product} {ergonomic}
     bool UseParallelGC                            = true                                      {product} {command line}

Logging:
Log output configuration:
 #0: stdout all=off uptime,level,tags foldmultilines=false
 #1: stderr all=off uptime,level,tags foldmultilines=false

Release file:
JAVA_VERSION="21.0.10" 
MODULES="java.base java.compiler java.datatransfer java.xml java.prefs java.desktop java.instrument java.logging java.management java.security.sasl java.naming java.rmi java.management.rmi java.net.http java.scripting java.security.jgss java.transaction.xa java.sql java.sql.rowset java.xml.crypto java.se java.smartcardio jdk.accessibility jdk.internal.jvmstat jdk.attach jdk.charsets jdk.internal.opt jdk.zipfs jdk.compiler jdk.crypto.ec jdk.crypto.cryptoki jdk.crypto.mscapi jdk.dynalink jdk.internal.ed jdk.editpad jdk.hotspot.agent jdk.httpserver jdk.internal.le jdk.internal.vm.ci jdk.internal.vm.compiler jdk.internal.vm.compiler.management jdk.jartool jdk.javadoc jdk.jcmd jdk.management jdk.management.agent jdk.jconsole jdk.jdeps jdk.jdwp.agent jdk.jdi jdk.jfr jdk.jshell jdk.jsobject jdk.jstatd jdk.localedata jdk.management.jfr jdk.naming.dns jdk.naming.rmi jdk.net jdk.nio.mapmode jdk.random jdk.sctp jdk.security.auth jdk.security.jgss jdk.unsupported jdk.unsupported.desktop jdk.xml.dom" 

Environment Variables:
PATH=C:\Users\bosev\AppData\Local\Programs\Microsoft VS Code;C:\Program Files\Common Files\Oracle\Java\javapath;C:\WINDOWS\system32;C:\WINDOWS;C:\WINDOWS\System32\Wbem;C:\WINDOWS\System32\WindowsPowerShell\v1.0\;C:\WINDOWS\System32\OpenSSH\;C:\Program Files\Git\cmd;C:\ProgramData\chocolatey\bin;C:\Users\bosev\Desktop\;C:\Program Files\PuTTY\;C:\Program Files\Amazon\AWSCLIV2\;C:\ProgramData\chocolatey\lib\maven\apache-maven-3.9.14\bin;C:\Program Files\MySQL\MySQL Shell 8.0\bin\;C:\Users\bosev\AppData\Local\Microsoft\WindowsApps;;C:\Users\bosev\AppData\Local\Programs\Microsoft VS Code\bin;C:\Program Files\JetBrains\PyCharm 2023.1.3\bin;;C:\Program Files\JetBrains\PyCharm Community Edition 2023.3.3\bin;;C:\Users\bosev\AppData\Roaming\npm;C:\Users\bosev\AppData\Local\Programs\Antigravity\bin
USERNAME=bosev
OS=Windows_NT
PROCESSOR_IDENTIFIER=Intel64 Family 6 Model 140 Stepping 2, GenuineIntel
TMP=C:\Users\bosev\AppData\Local\Temp
TEMP=C:\Users\bosev\AppData\Local\Temp




Periodic native trim disabled

---------------  S Y S T E M  ---------------

OS:
 Windows 11 , 64 bit Build 26100 (10.0.26100.5074)
OS uptime: 0 days 3:08 hours
Hyper-V role detected

CPU: total 4 (initial active 4) (2 cores per cpu, 2 threads per core) family 6 model 140 stepping 2 microcode 0x28, cx8, cmov, fxsr, ht, mmx, 3dnowpref, sse, sse2, sse3, ssse3, sse4.1, sse4.2, popcnt, lzcnt, tsc, tscinvbit, avx, avx2, aes, erms, clmul, bmi1, bmi2, adx, avx512f, avx512dq, avx512cd, avx512bw, avx512vl, sha, fma, vzeroupper, avx512_vpopcntdq, avx512_vpclmulqdq, avx512_vaes, avx512_vnni, clflush, clflushopt, clwb, avx512_vbmi2, avx512_vbmi, hv, rdtscp, rdpid, fsrm, gfni, avx512_bitalg, f16c, cet_ibt, cet_ss, avx512_ifma
Processor Information for the first 4 processors :
  Max Mhz: 2995, Current Mhz: 2995, Mhz Limit: 2995

Memory: 4k page, system-wide physical 7971M (488M free)
TotalPageFile size 15628M (AvailPageFile size 0M)
current process WorkingSet (physical memory assigned to process): 112M, peak: 112M
current process commit charge ("private bytes"): 241M, peak: 241M

vm_info: OpenJDK 64-Bit Server VM (21.0.10+7-LTS) for windows-amd64 JRE (21.0.10+7-LTS), built on 2026-01-20T00:00:00Z by "admin" with MS VC++ 17.12 (VS2022)

END.
